[    0.000000] Initializing cgroup subsys cpuset
[    0.000000] Initializing cgroup subsys cpu
[    0.000000] Initializing cgroup subsys cpuacct
[    0.000000] Linux version 4.4.0-137-generic (buildd@lgw01-amd64-037) (gcc version 5.4.0 20160609 (Ubuntu 5.4.0-6ubuntu1~16.04.10) ) #163-Ubuntu SMP Mon Sep 24 13:14:43 UTC 2018 (Ubuntu 4.4.0-137.163-generic 4.4.144)
[    0.000000] Command line: BOOT_IMAGE=/boot/vmlinuz-4.4.0-137-generic root=LABEL=cloudimg-rootfs ro console=tty1 console=ttyS0
[    0.000000] KERNEL supported cpus:
[    0.000000]   Intel GenuineIntel
[    0.000000]   AMD AuthenticAMD
[    0.000000]   Centaur CentaurHauls
[    0.000000] x86/fpu: xstate_offset[2]:  576, xstate_sizes[2]:  256
[    0.000000] x86/fpu: Supporting XSAVE feature 0x01: 'x87 floating point registers'
[    0.000000] x86/fpu: Supporting XSAVE feature 0x02: 'SSE registers'
[    0.000000] x86/fpu: Supporting XSAVE feature 0x04: 'AVX registers'
[    0.000000] x86/fpu: Enabled xstate features 0x7, context size is 832 bytes, using 'standard' format.
[    0.000000] e820: BIOS-provided physical RAM map:
[    0.000000] BIOS-e820: [mem 0x0000000000000000-0x000000000009fbff] usable
[    0.000000] BIOS-e820: [mem 0x000000000009fc00-0x000000000009ffff] reserved
[    0.000000] BIOS-e820: [mem 0x00000000000f0000-0x00000000000fffff] reserved
[    0.000000] BIOS-e820: [mem 0x0000000000100000-0x000000003ffeffff] usable
[    0.000000] BIOS-e820: [mem 0x000000003fff0000-0x000000003fffffff] ACPI data
[    0.000000] BIOS-e820: [mem 0x00000000fec00000-0x00000000fec00fff] reserved
[    0.000000] BIOS-e820: [mem 0x00000000fee00000-0x00000000fee00fff] reserved
[    0.000000] BIOS-e820: [mem 0x00000000fffc0000-0x00000000ffffffff] reserved
[    0.000000] NX (Execute Disable) protection: active
[    0.000000] SMBIOS 2.5 present.
[    0.000000] Hypervisor detected: KVM
[    0.000000] e820: last_pfn = 0x3fff0 max_arch_pfn = 0x400000000
[    0.000000] MTRR: Disabled
[    0.000000] x86/PAT: MTRRs disabled, skipping PAT initialization too.
[    0.000000] CPU MTRRs all blank - virtualized system.
[    0.000000] x86/PAT: Configuration [0-7]: WB  WT  UC- UC  WB  WT  UC- UC  
[    0.000000] found SMP MP-table at [mem 0x0009fff0-0x0009ffff] mapped at [ffff88000009fff0]
[    0.000000] Scanning 1 areas for low memory corruption
[    0.000000] RAMDISK: [mem 0x3630a000-0x3717cfff]
[    0.000000] ACPI: Early table checksum verification disabled
[    0.000000] ACPI: RSDP 0x00000000000E0000 000024 (v02 VBOX  )
[    0.000000] ACPI: XSDT 0x000000003FFF0030 00003C (v01 VBOX   VBOXXSDT 00000001 ASL  00000061)
[    0.000000] ACPI: FACP 0x000000003FFF00F0 0000F4 (v04 VBOX   VBOXFACP 00000001 ASL  00000061)
[    0.000000] ACPI: DSDT 0x000000003FFF0470 0021FF (v02 VBOX   VBOXBIOS 00000002 INTL 20160108)
[    0.000000] ACPI: FACS 0x000000003FFF0200 000040
[    0.000000] ACPI: FACS 0x000000003FFF0200 000040
[    0.000000] ACPI: APIC 0x000000003FFF0240 00005C (v02 VBOX   VBOXAPIC 00000001 ASL  00000061)
[    0.000000] ACPI: SSDT 0x000000003FFF02A0 0001CC (v01 VBOX   VBOXCPUT 00000002 INTL 20160108)
[    0.000000] No NUMA configuration found
[    0.000000] Faking a node at [mem 0x0000000000000000-0x000000003ffeffff]
[    0.000000] NODE_DATA(0) allocated [mem 0x3ffeb000-0x3ffeffff]
[    0.000000] kvm-clock: Using msrs 4b564d01 and 4b564d00
[    0.000000] kvm-clock: cpu 0, msr 0:3ffe3001, primary cpu clock
[    0.000000] kvm-clock: using sched offset of 3243075202 cycles
[    0.000000] clocksource: kvm-clock: mask: 0xffffffffffffffff max_cycles: 0x1cd42e4dffb, max_idle_ns: 881590591483 ns
[    0.000000] Zone ranges:
[    0.000000]   DMA      [mem 0x0000000000001000-0x0000000000ffffff]
[    0.000000]   DMA32    [mem 0x0000000001000000-0x000000003ffeffff]
[    0.000000]   Normal   empty
[    0.000000]   Device   empty
[    0.000000] Movable zone start for each node
[    0.000000] Early memory node ranges
[    0.000000]   node   0: [mem 0x0000000000001000-0x000000000009efff]
[    0.000000]   node   0: [mem 0x0000000000100000-0x000000003ffeffff]
[    0.000000] Initmem setup node 0 [mem 0x0000000000001000-0x000000003ffeffff]
[    0.000000] ACPI: PM-Timer IO Port: 0x4008
[    0.000000] IOAPIC[0]: apic_id 2, version 32, address 0xfec00000, GSI 0-23
[    0.000000] ACPI: INT_SRC_OVR (bus 0 bus_irq 0 global_irq 2 dfl dfl)
[    0.000000] ACPI: INT_SRC_OVR (bus 0 bus_irq 9 global_irq 9 low level)
[    0.000000] Using ACPI (MADT) for SMP configuration information
[    0.000000] smpboot: Allowing 2 CPUs, 0 hotplug CPUs
[    0.000000] PM: Registered nosave memory: [mem 0x00000000-0x00000fff]
[    0.000000] PM: Registered nosave memory: [mem 0x0009f000-0x0009ffff]
[    0.000000] PM: Registered nosave memory: [mem 0x000a0000-0x000effff]
[    0.000000] PM: Registered nosave memory: [mem 0x000f0000-0x000fffff]
[    0.000000] e820: [mem 0x40000000-0xfebfffff] available for PCI devices
[    0.000000] Booting paravirtualized kernel on KVM
[    0.000000] clocksource: refined-jiffies: mask: 0xffffffff max_cycles: 0xffffffff, max_idle_ns: 7645519600211568 ns
[    0.000000] setup_percpu: NR_CPUS:512 nr_cpumask_bits:512 nr_cpu_ids:2 nr_node_ids:1
[    0.000000] PERCPU: Embedded 34 pages/cpu @ffff88003fc00000 s99608 r8192 d31464 u1048576
[    0.000000] PV qspinlock hash table entries: 256 (order: 0, 4096 bytes)
[    0.000000] Built 1 zonelists in Node order, mobility grouping on.  Total pages: 257912
[    0.000000] Policy zone: DMA32
[    0.000000] Kernel command line: BOOT_IMAGE=/boot/vmlinuz-4.4.0-137-generic root=LABEL=cloudimg-rootfs ro console=tty1 console=ttyS0
[    0.000000] PID hash table entries: 4096 (order: 3, 32768 bytes)
[    0.000000] Memory: 997708K/1048120K available (8555K kernel code, 1314K rwdata, 4004K rodata, 1528K init, 1316K bss, 50412K reserved, 0K cma-reserved)
[    0.000000] SLUB: HWalign=64, Order=0-3, MinObjects=0, CPUs=2, Nodes=1
[    0.000000] Kernel/User page tables isolation: enabled
[    0.000000] Hierarchical RCU implementation.
[    0.000000] 	Build-time adjustment of leaf fanout to 64.
[    0.000000] 	RCU restricting CPUs from NR_CPUS=512 to nr_cpu_ids=2.
[    0.000000] RCU: Adjusting geometry for rcu_fanout_leaf=64, nr_cpu_ids=2
[    0.000000] NR_IRQS:33024 nr_irqs:440 16
[    0.000000] Console: colour VGA+ 80x25
[    0.000000] console [tty1] enabled
[    0.000000] console [ttyS0] enabled
[    0.000000] tsc: Detected 2494.332 MHz processor
[    0.245632] Calibrating delay loop (skipped) preset value.. 4988.66 BogoMIPS (lpj=9977328)
[    0.247749] pid_max: default: 32768 minimum: 301
[    0.248980] ACPI: Core revision 20150930
[    0.251020] ACPI: 2 ACPI AML tables successfully acquired and loaded
[    0.252839] Security Framework initialized
[    0.253713] Yama: becoming mindful.
[    0.254483] AppArmor: AppArmor initialized
[    0.255405] Dentry cache hash table entries: 131072 (order: 8, 1048576 bytes)
[    0.257373] Inode-cache hash table entries: 65536 (order: 7, 524288 bytes)
[    0.258787] Mount-cache hash table entries: 2048 (order: 2, 16384 bytes)
[    0.260002] Mountpoint-cache hash table entries: 2048 (order: 2, 16384 bytes)
[    0.261459] Initializing cgroup subsys io
[    0.262288] Initializing cgroup subsys memory
[    0.263165] Initializing cgroup subsys devices
[    0.265099] Initializing cgroup subsys freezer
[    0.267061] Initializing cgroup subsys net_cls
[    0.268029] Initializing cgroup subsys perf_event
[    0.268974] Initializing cgroup subsys net_prio
[    0.269865] Initializing cgroup subsys hugetlb
[    0.270764] Initializing cgroup subsys pids
[    0.271682] mce: CPU supports 0 MCE banks
[    0.272545] Last level iTLB entries: 4KB 512, 2MB 8, 4MB 8
[    0.273588] Last level dTLB entries: 4KB 512, 2MB 32, 4MB 32, 1GB 0
[    0.274711] Spectre V2 : Mitigation: Full generic retpoline
[    0.275783] Spectre V2 : Spectre v2 mitigation: Speculation control IBPB not-supported IBRS not-supported
[    0.277849] Spectre V2 : Spectre v2 / SpectreRSB mitigation: Filling RSB on context switch
[    0.280442] Speculative Store Bypass: Vulnerable
[    0.284464] Freeing SMP alternatives memory: 32K
[    0.294030] ftrace: allocating 32265 entries in 127 pages
[    0.351009] smpboot: APIC(0) Converting physical 0 to logical package 0
[    0.352623] smpboot: Max logical packages: 1
[    0.353941] x2apic enabled
[    0.354905] Switched APIC routing to physical x2apic.
[    0.357207] ..TIMER: vector=0x30 apic1=0 pin1=2 apic2=-1 pin2=-1
[    0.464102] smpboot: CPU0: Intel(R) Core(TM) i5-2520M CPU @ 2.50GHz (family: 0x6, model: 0x2a, stepping: 0x7)
[    0.469962] Performance Events: unsupported p6 CPU model 42 no PMU driver, software events only.
[    0.471797] KVM setup paravirtual spinlock
[    0.473387] x86: Booting SMP configuration:
[    0.474247] .... node  #0, CPUs:      #1
[    0.475251] kvm-clock: cpu 1, msr 0:3ffe3041, secondary cpu clock
[    0.476105] mce: CPU supports 0 MCE banks
[    0.478626] x86: Booted up 1 node, 2 CPUs
[    0.479925] smpboot: Total of 2 processors activated (9977.32 BogoMIPS)
[    0.481950] devtmpfs: initialized
[    0.484773] evm: security.selinux
[    0.485646] evm: security.SMACK64
[    0.486500] evm: security.SMACK64EXEC
[    0.487443] evm: security.SMACK64TRANSMUTE
[    0.488478] evm: security.SMACK64MMAP
[    0.489387] evm: security.ima
[    0.490166] evm: security.capability
[    0.491412] clocksource: jiffies: mask: 0xffffffff max_cycles: 0xffffffff, max_idle_ns: 7645041785100000 ns
[    0.493849] futex hash table entries: 512 (order: 3, 32768 bytes)
[    0.495468] pinctrl core: initialized pinctrl subsystem
[    0.496859] RTC time:  9:45:00, date: 10/24/18
[    0.498126] NET: Registered protocol family 16
[    0.508213] cpuidle: using governor ladder
[    0.520313] cpuidle: using governor menu
[    0.523498] PCCT header not found.
[    0.532702] ACPI: bus type PCI registered
[    0.533657] acpiphp: ACPI Hot Plug PCI Controller Driver version: 0.5
[    0.534947] PCI: Using configuration type 1 for base access
[    0.549302] ACPI: Added _OSI(Module Device)
[    0.568613] ACPI: Added _OSI(Processor Device)
[    0.569497] ACPI: Added _OSI(3.0 _SCP Extensions)
[    0.570395] ACPI: Added _OSI(Processor Aggregator Device)
[    0.572153] ACPI: Executed 1 blocks of module-level executable AML code
[    0.575418] ACPI: Interpreter enabled
[    0.581129] ACPI: (supports S0 S5)
[    0.581855] ACPI: Using IOAPIC for interrupt routing
[    0.583029] PCI: Using host bridge windows from ACPI; if necessary, use "pci=nocrs" and report a bug
[    0.588627] ACPI: PCI Root Bridge [PCI0] (domain 0000 [bus 00-ff])
[    0.589824] acpi PNP0A03:00: _OSC: OS supports [ASPM ClockPM Segments MSI]
[    0.591058] acpi PNP0A03:00: _OSC: not requesting OS control; OS requires [ExtendedConfig ASPM ClockPM MSI]
[    0.592897] acpi PNP0A03:00: fail to add MMCONFIG information, can't access extended PCI configuration space under this bridge.
[    0.595357] PCI host bridge to bus 0000:00
[    0.596194] pci_bus 0000:00: root bus resource [io  0x0000-0x0cf7 window]
[    0.597449] pci_bus 0000:00: root bus resource [io  0x0d00-0xffff window]
[    0.598699] pci_bus 0000:00: root bus resource [mem 0x000a0000-0x000bffff window]
[    0.600258] pci_bus 0000:00: root bus resource [mem 0x40000000-0xfdffffff window]
[    0.601814] pci_bus 0000:00: root bus resource [bus 00-ff]
[    0.604651] pci 0000:00:01.1: legacy IDE quirk: reg 0x10: [io  0x01f0-0x01f7]
[    0.605962] pci 0000:00:01.1: legacy IDE quirk: reg 0x14: [io  0x03f6]
[    0.607164] pci 0000:00:01.1: legacy IDE quirk: reg 0x18: [io  0x0170-0x0177]
[    0.608423] pci 0000:00:01.1: legacy IDE quirk: reg 0x1c: [io  0x0376]
[    0.647906] pci 0000:00:07.0: quirk: [io  0x4000-0x403f] claimed by PIIX4 ACPI
[    0.658063] pci 0000:00:07.0: quirk: [io  0x4100-0x410f] claimed by PIIX4 SMB
[    0.679004] ACPI: PCI Interrupt Link [LNKA] (IRQs 5 9 10 *11)
[    0.687566] ACPI: PCI Interrupt Link [LNKB] (IRQs 5 9 *10 11)
[    0.689836] ACPI: PCI Interrupt Link [LNKC] (IRQs 5 *9 10 11)
[    0.692578] ACPI: PCI Interrupt Link [LNKD] (IRQs 5 9 10 *11)
[    0.696645] ACPI: Enabled 2 GPEs in block 00 to 07
[    0.699816] vgaarb: setting as boot device: PCI:0000:00:02.0
[    0.701186] vgaarb: device added: PCI:0000:00:02.0,decodes=io+mem,owns=io+mem,locks=none
[    0.703347] vgaarb: loaded
[    0.704097] vgaarb: bridge control possible 0000:00:02.0
[    0.705641] SCSI subsystem initialized
[    0.706799] ACPI: bus type USB registered
[    0.707885] usbcore: registered new interface driver usbfs
[    0.709249] usbcore: registered new interface driver hub
[    0.710526] usbcore: registered new device driver usb
[    0.713490] PCI: Using ACPI for IRQ routing
[    0.714792] NetLabel: Initializing
[    0.715578] NetLabel:  domain hash size = 128
[    0.716480] NetLabel:  protocols = UNLABELED CIPSOv4
[    0.717468] NetLabel:  unlabeled traffic allowed by default
[    0.718693] amd_nb: Cannot enumerate AMD northbridges
[    0.719769] clocksource: Switched to clocksource kvm-clock
[    0.733524] AppArmor: AppArmor Filesystem Enabled
[    0.747647] pnp: PnP ACPI init
[    0.749212] pnp: PnP ACPI: found 3 devices
[    0.760373] clocksource: acpi_pm: mask: 0xffffff max_cycles: 0xffffff, max_idle_ns: 2085701024 ns
[    0.762653] NET: Registered protocol family 2
[    0.763998] TCP established hash table entries: 8192 (order: 4, 65536 bytes)
[    0.765657] TCP bind hash table entries: 8192 (order: 5, 131072 bytes)
[    0.767174] TCP: Hash tables configured (established 8192 bind 8192)
[    0.768680] UDP hash table entries: 512 (order: 2, 16384 bytes)
[    0.770039] UDP-Lite hash table entries: 512 (order: 2, 16384 bytes)
[    0.771533] NET: Registered protocol family 1
[    0.772633] pci 0000:00:00.0: Limiting direct PCI/PCI transfers
[    0.774021] pci 0000:00:01.0: Activating ISA DMA hang workarounds
[    0.775658] Unpacking initramfs...
[    0.992728] Freeing initrd memory: 14796K
[    1.073913] RAPL PMU detected, API unit is 2^-32 Joules, 3 fixed counters 10737418240 ms ovfl timer
[    1.075697] hw unit of domain pp0-core 2^-0 Joules
[    1.076700] hw unit of domain package 2^-0 Joules
[    1.077622] hw unit of domain pp1-gpu 2^-0 Joules
[    1.078646] platform rtc_cmos: registered platform RTC device (no PNP device found)
[    1.080261] Scanning for low memory corruption every 60 seconds
[    1.081824] audit: initializing netlink subsys (disabled)
[    1.082889] audit: type=2000 audit(1540374306.062:1): initialized
[    1.084374] Initialise system trusted keyring
[    1.085473] HugeTLB registered 2 MB page size, pre-allocated 0 pages
[    1.088101] zbud: loaded
[    1.089147] VFS: Disk quotas dquot_6.6.0
[    1.090053] VFS: Dquot-cache hash table entries: 512 (order 0, 4096 bytes)
[    1.091583] squashfs: version 4.0 (2009/01/31) Phillip Lougher
[    1.093044] fuse init (API version 7.23)
[    1.094050] Key type big_key registered
[    1.095090] Allocating IMA MOK and blacklist keyrings.
[    1.097922] Key type asymmetric registered
[    1.101821] Asymmetric key parser 'x509' registered
[    1.102846] Block layer SCSI generic (bsg) driver version 0.4 loaded (major 249)
[    1.104524] io scheduler noop registered
[    1.105381] io scheduler deadline registered (default)
[    1.106436] io scheduler cfq registered
[    1.107371] pci_hotplug: PCI Hot Plug PCI Core version: 0.5
[    1.108518] pciehp: PCI Express Hot Plug Controller Driver version: 0.4
[    1.109890] ACPI: AC Adapter [AC] (on-line)
[    1.110804] input: Power Button as /devices/LNXSYSTM:00/LNXPWRBN:00/input/input0
[    1.112334] ACPI: Power Button [PWRF]
[    1.113301] input: Sleep Button as /devices/LNXSYSTM:00/LNXSLPBN:00/input/input1
[    1.114807] ACPI: Sleep Button [SLPF]
[    1.115866] GHES: HEST is not enabled!
[    1.116809] Serial: 8250/16550 driver, 32 ports, IRQ sharing enabled
[    1.140192] 00:02: ttyS0 at I/O 0x3f8 (irq = 4, base_baud = 115200) is a 16550A
[    1.155969] Linux agpgart interface v0.103
[    1.158421] loop: module loaded
[    1.159750] scsi host0: ata_piix
[    1.160637] scsi host1: ata_piix
[    1.161395] ata1: PATA max UDMA/33 cmd 0x1f0 ctl 0x3f6 bmdma 0xd000 irq 14
[    1.162629] ata2: PATA max UDMA/33 cmd 0x170 ctl 0x376 bmdma 0xd008 irq 15
[    1.164012] libphy: Fixed MDIO Bus: probed
[    1.164907] tun: Universal TUN/TAP device driver, 1.6
[    1.165870] tun: (C) 1999-2004 Max Krasnyansky <maxk@qualcomm.com>
[    1.167042] PPP generic driver version 2.4.2
[    1.167979] ehci_hcd: USB 2.0 'Enhanced' Host Controller (EHCI) Driver
[    1.169190] ehci-pci: EHCI PCI platform driver
[    1.170093] ehci-platform: EHCI generic platform driver
[    1.171083] ohci_hcd: USB 1.1 'Open' Host Controller (OHCI) Driver
[    1.172243] ohci-pci: OHCI PCI platform driver
[    1.173175] ohci-platform: OHCI generic platform driver
[    1.174178] uhci_hcd: USB Universal Host Controller Interface driver
[    1.204722] i8042: PNP: PS/2 Controller [PNP0303:PS2K,PNP0f03:PS2M] at 0x60,0x64 irq 1,12
[    1.209015] serio: i8042 KBD port at 0x60,0x64 irq 1
[    1.210851] serio: i8042 AUX port at 0x60,0x64 irq 12
[    1.212605] mousedev: PS/2 mouse device common for all mice
[    1.214830] rtc_cmos rtc_cmos: rtc core: registered rtc_cmos as rtc0
[    1.216589] rtc_cmos rtc_cmos: alarms up to one day, 114 bytes nvram
[    1.223017] i2c /dev entries driver
[    1.244282] input: AT Translated Set 2 keyboard as /devices/platform/i8042/serio0/input/input2
[    1.246244] device-mapper: uevent: version 1.0.3
[    1.247267] device-mapper: ioctl: 4.34.0-ioctl (2015-10-28) initialised: dm-devel@redhat.com
[    1.249024] ledtrig-cpu: registered to indicate activity on CPUs
[    1.250654] NET: Registered protocol family 10
[    1.251783] NET: Registered protocol family 17
[    1.253062] Key type dns_resolver registered
[    1.259161] registered taskstats version 1
[    1.260332] Loading compiled-in X.509 certificates
[    1.262456] Loaded X.509 cert 'Build time autogenerated kernel key: 20acc96b50ca7641011eace69d32209215a9b56f'
[    1.265074] zswap: loaded using pool lzo/zbud
[    1.269718] Key type trusted registered
[    1.279643] Key type encrypted registered
[    1.281056] AppArmor: AppArmor sha1 policy hashing enabled
[    1.282656] ima: No TPM chip found, activating TPM-bypass!
[    1.300970] ima: Allocated hash algorithm: sha1
[    1.302168] evm: HMAC attrs: 0x1
[    1.324860]   Magic number: 6:19:779
[    1.326438] rtc_cmos rtc_cmos: setting system clock to 2018-10-24 09:45:01 UTC (1540374301)
[    1.348772] BIOS EDD facility v0.16 2004-Jun-25, 0 devices found
[    1.354093] EDD information not available.
[    1.356697] Freeing unused kernel memory: 1528K
[    1.371988] Write protecting the kernel read-only data: 14336k
[    1.385228] Freeing unused kernel memory: 1672K
[    1.386867] Freeing unused kernel memory: 92K
Loading, please wait...
starting version 229
[    1.416598] random: systemd-udevd: uninitialized urandom read (16 bytes read, 2 bits of entropy available)
[    1.418744] random: udevadm: uninitialized urandom read (16 bytes read, 2 bits of entropy available)
[    1.418800] random: udevadm: uninitialized urandom read (16 bytes read, 2 bits of entropy available)
[    1.438700] random: udevadm: uninitialized urandom read (16 bytes read, 2 bits of entropy available)
[    1.438792] random: udevadm: uninitialized urandom read (16 bytes read, 2 bits of entropy available)
[    1.439179] random: udevadm: uninitialized urandom read (16 bytes read, 2 bits of entropy available)
[    1.439320] random: udevadm: uninitialized urandom read (16 bytes read, 2 bits of entropy available)
[    1.439459] random: udevadm: uninitialized urandom read (16 bytes read, 2 bits of entropy available)
[    1.439597] random: udevadm: uninitialized urandom read (16 bytes read, 2 bits of entropy available)
[    1.439738] random: udevadm: uninitialized urandom read (16 bytes read, 2 bits of entropy available)
[    1.652419] Fusion MPT base driver 3.04.20
[    1.653655] Copyright (c) 1999-2008 LSI Corporation
[    1.655271] e1000: Intel(R) PRO/1000 Network Driver - version 7.3.21-k8-NAPI
[    1.664042] e1000: Copyright (c) 1999-2006 Intel Corporation.
[    1.685185] Fusion MPT SPI Host driver 3.04.20
[    1.724818] mptbase: ioc0: Initiating bringup
[    1.732235] AVX version of gcm_enc/dec engaged.
[    1.733557] AES CTR mode by8 optimization enabled
[    1.840085] ioc0: LSI53C1030 A0: Capabilities={Initiator}
[    1.856429] input: ImExPS/2 Generic Explorer Mouse as /devices/platform/i8042/serio1/input/input4
[    2.020158] scsi host2: ioc0: LSI53C1030 A0, FwRev=00000000h, Ports=1, MaxQ=256, IRQ=20
[    2.075908] tsc: Refined TSC clocksource calibration: 2495.613 MHz
[    2.077775] clocksource: tsc: mask: 0xffffffffffffffff max_cycles: 0x23f90996fc5, max_idle_ns: 440795219382 ns
[    2.162529] scsi 2:0:0:0: Direct-Access     VBOX     HARDDISK         1.0  PQ: 0 ANSI: 5
[    2.172799] scsi target2:0:0: Beginning Domain Validation
[    2.174799] scsi target2:0:0: Domain Validation skipping write tests
[    2.185844] scsi target2:0:0: Ending Domain Validation
[    2.192334] scsi target2:0:0: asynchronous
[    2.193680] scsi 2:0:1:0: Direct-Access     VBOX     HARDDISK         1.0  PQ: 0 ANSI: 5
[    2.196848] scsi target2:0:1: Beginning Domain Validation
[    2.245334] scsi target2:0:1: Domain Validation skipping write tests
[    2.265105] scsi target2:0:1: Ending Domain Validation
[    2.272041] scsi target2:0:1: asynchronous
[    2.301831] sd 2:0:0:0: Attached scsi generic sg0 type 0
[    2.306631] sd 2:0:0:0: [sda] 20971520 512-byte logical blocks: (10.7 GB/10.0 GiB)
[    2.311419] sd 2:0:0:0: [sda] Write Protect is off
[    2.311957] sd 2:0:1:0: Attached scsi generic sg1 type 0
[    2.328091] sd 2:0:0:0: [sda] Incomplete mode parameter data
[    2.330916] sd 2:0:0:0: [sda] Assuming drive cache: write through
[    2.334377] sd 2:0:1:0: [sdb] 20480 512-byte logical blocks: (10.5 MB/10.0 MiB)
[    2.336877] sd 2:0:1:0: [sdb] Write Protect is off
[    2.344168] sd 2:0:1:0: [sdb] Incomplete mode parameter data
[    2.345673] sd 2:0:1:0: [sdb] Assuming drive cache: write through
[    2.348803]  sda: sda1
[    2.351109] sd 2:0:0:0: [sda] Attached SCSI disk
[    2.353289] sd 2:0:1:0: [sdb] Attached SCSI disk
[    2.777747] e1000 0000:00:03.0 eth0: (PCI:33MHz:32-bit) 02:5a:4b:c7:3e:fa
[    2.806108] e1000 0000:00:03.0 eth0: Intel(R) PRO/1000 Network Connection
[    3.179768] e1000 0000:00:08.0 eth1: (PCI:33MHz:32-bit) 08:00:27:e3:41:5c
[    3.194257] e1000 0000:00:08.0 eth1: Intel(R) PRO/1000 Network Connection
[    3.197065] e1000 0000:00:03.0 enp0s3: renamed from eth0
[    3.207976] e1000 0000:00:08.0 enp0s8: renamed from eth1
Begin: Loading e[    4.611678] md: linear personality registered for level -1
ssential drivers[    4.660044] md: multipath personality registered for level -4
 ... [    4.695246] md: raid0 personality registered for level 0
[    4.700689] md: raid1 personality registered for level 1
[    4.783146] raid6: sse2x1   gen()  8344 MB/s
[    4.856232] raid6: sse2x1   xor()  5793 MB/s
[    4.932990] raid6: sse2x2   gen() 10541 MB/s
[    5.008062] raid6: sse2x2   xor()  6863 MB/s
[    5.093002] raid6: sse2x4   gen() 12107 MB/s
[    5.160069] raid6: sse2x4   xor()  8017 MB/s
[    5.183975] raid6: using algorithm sse2x4 gen() 12107 MB/s
[    5.185021] raid6: .... xor() 8017 MB/s, rmw enabled
[    5.186037] raid6: using ssse3x2 recovery algorithm
[    5.191837] xor: automatically using best checksumming function:
[    5.231799]    avx       : 18067.000 MB/sec
[    5.249866] async_tx: api initialized (async)
[    5.262820] md: raid6 personality registered for level 6
[    5.285145] md: raid5 personality registered for level 5
[    5.287301] md: raid4 personality registered for level 4
[    5.297625] md: raid10 personality registered for level 10
done.
Begin: Running /scripts/init-premount ... done.
Begin: Mounting root file system ... Begin: Running /scripts/local-top ... don[    5.349784] Btrfs loaded
e.
Begin: Running /scripts/local-premount ... Scanning for Btrfs filesystems
done.
Warning: fsck not present, so skipping root file system
[    5.416118] EXT4-fs (sda1): mounted filesystem with ordered data mode. Opts: (null)
done.
Begin: Running /scripts/local-bottom ... done.
Begin: Running /scripts/init-bottom ... done.
[    5.602650] systemd[1]: systemd 229 running in system mode. (+PAM +AUDIT +SELINUX +IMA +APPARMOR +SMACK +SYSVINIT +UTMP +LIBCRYPTSETUP +GCRYPT +GNUTLS +ACL +XZ -LZ4 +SECCOMP +BLKID +ELFUTILS +KMOD -IDN)
[    5.614443] systemd[1]: Detected virtualization oracle.
[    5.615508] systemd[1]: Detected architecture x86-64.

Welcome to [1mUbuntu 16.04.5 LTS[0m!

[    5.621157] systemd[1]: Set hostname to <ubuntu-xenial>.
[   5.844595] systemd[1]: Listening on LVM2 metadata daemon socket.
[[0;32m  OK  [0m] Listening on LVM2 metadata daemon socket.
[    5.874170] systemd[1]: Listening on /dev/initctl Compatibility Named Pipe.
[[0;32m  OK  [0m] Listening on /dev/initctl Compatibility Named Pipe.
[    5.877538] systemd[1]: Created slice System Slice.
[[0;32m  OK  [0m] Created slice System Slice.
[    5.879805] systemd[1]: Listening on Journal Socket (/dev/log).
[[0;32m  OK  [0m] Listening on Journal Socket (/dev/log).
[    5.882387] systemd[1]: Listening on Journal Audit Socket.
[[0;32m  OK  [0m] Listening on Journal Audit Socket.
[    5.884769] systemd[1]: Reachedarget Swap.
[[0;32m  OK  [0m] Reached target Swap.
[    5.934229] systemd[1]: Reached target Encrypted Volumes.
[[0;32m  OK  [0m] Reached target Encrypted Volumes.
[    5.937291] systemd[1]: Listening on udev Kernel Socket.
[[0;32m  OK  [0m] Listening on udev Kernel Socket.
[    5.940426] systemd[1]: Set up automount Arbitrary Executable File Formats File System Automount Point.
[[0;32m  OK  [0m] Set up automount Arbitrary Executab...ats File System Automount Point.
[    5.945368] systemd[1]: Created slice system-serial\x2dgetty.slice.
[[0;32m  OK  [0m] Created slice system-serial\x2dgetty.slice.
[    5.949077] systemd[1]: Created slice User and Session Slice.
[[0;32m  OK  [0m] Created slice User and Session Slice.
[    5.952156] systemd[1]: Reached target Slices.
[[0;32m  OK  [0m] Reached target Slices.
[    5.954816] systemd[1]: Listening on Journal Socket.
[[0;32m  OK  [0m] Listening on Journal Socket.

[    5.971958] systemd[1]: Mounting POSIX Message Queue File System...
         Mounting POSIX Message Queue File System...
[    5.981459] systemd[1]: Starting Remount Root and Kernel File Systems...
         Starting Remount Root and Kernel File Systems...
[    5.998699] systemd[1]: Listening on LVM2 poll daemon socket.
[[0;32m  OK  [0m] Listening on LVM2 poll daemon socket.
[    6.007321] systemd[1]: Reached target System Time Synchronized.
[    6.014124] EXT4-fs (sda1): re-mounted. Opts: (null)
[[0;32m  OK  [0m] Reached target System Time Synchronized.
[    6.028084] systemd[1]: Starting Create list of required static device nodes for the current kernel...
         Starting Create list of required st... nodes for the current kernel...
[    6.037996] systemd[1]: Reached target User and Group Name Lookups.
[[0;32m  OK  [0m] Reached target User and Group Name Lookups.
[    6.041227] systemd[1]: Listening on udev Control Socket.
[[0;32m  OK  [0m] Listening on udev Control Socket.
[    6.044837] systemd[1]: Mounting Debug File System...
         Mounting Debug File System...
[    6.047955] systemd[1]: Listening on Device-mapper event daemon FIFOs.
[[0;32m  OK  [0m] Listening on Device-mapper event daemon FIFOs.
[    6.057819] systemd[1]: Starting Monitoring of LVM2 mirrors, snapshots etc. using dmeventd or progress polling...
         Starting Monitoring of LVM2 mirrors... dmeventd or progress polling...
[    6.062690] systemd[1]: Listening on Syslog Socket.
[[0;32m  OK  [0m] Listening on Syslog Socket.
[    6.066026] systemd[1]: Starting Journal Service...
         Starting Journal Service...
[    6.069871] systemd[1]: Starting Uncomplicated firewall...
         Starting Uncomplicated firewall...
[    6.073816] systemd[1]: Starting Set console keymap...
         Starting Set console keymap...
[    6.083696] systemd[1]: Starting Nameserver information manager...
         Starting Nameserver information manager...
[    6.104925] systemd[1]: Started Trigger resolvconf update for networkd DNS.
[[0;32m  OK  [0m] Started Trigger resolvconf update for networkd DNS.
[    6.160850] systemd[1]: Started Forward Password Requests to Wall Directory Watch.
[[0;32m  OK  [0m] Started Forward Password Requests to Wall Directory Watch.
[    6.208298] systemd[1]: Mounting Huge Pages File System...
         Mounting Huge Pages File System...
[    6.236061] systemd[1]: Starting Load Kernel Modules...
[    6.264340] Loading iSCSI transport class v2.0-870.
         Starting Load Kernel Modules...
[    6.270873] systemd[1]: Mounted POSIX Message Queue File System.
[[0;32m  OK  [0m] Mounted POSIX Message Queue File System.
[    6.282926] systemd[1]: Mounted Debug File System.
[    6.284586] iscsi: registered transport (tcp)
[[0;32m  OK  [0m] Mounted Debug File System.
[    6.290597] systemd[1]: Mounted Huge Pages File System.
[[0;32m  OK  [0m] Mounted Huge Pages File System.
[    6.293904] systemd[1]: Started Journal Service.
[[0;32m  OK  [0m] Started Journal Service.
[[0;32m  OK  [0m] Started Remount Root and Kernel File Systems.
[[0;32m  OK  [0m] Started Create list of required sta...ce nodes for the current kernel.
[[0;32m  OK  [0m] Started Uncomplicated firewall.
[[0;32m  OK  [0m] Started Set console keymap.
[    6.322804] iscsi: registered transport (iser)
[[0;32m  OK  [0m] Started Load Kernel Modules.
[[0;32m  OK  [0m] Started Nameserver information manager.
[[0;32m  OK  [0m] Started LVM2 metadata daemon.
         Starting Apply Kernel Variables...
         Mounting FUSE Control File System...
         Starting Create Static Device Nodes in /dev...
         Starting Load/Save Random Seed...
         Starting udev Coldplug all Devices...
         Starting Flush Journal to Persistent Storage...
[[0;32m  OK  [0m] Mounted FUSE Control File System.
[[0;32m  OK  [0m] Started Apply Kernel Variables.
[[0;32m  OK  [0m] Started Create Static Device Nodes in /dev.
[[0;32m  OK  [0m] Started Load/Save Random Seed.
[[0;32m  OK  [0m] Started Flush Journal to Persistent Storage.
         Starting udev Kernel Device Manager...
[[0;32m  OK  [0m] Started udev Coldplug all Devices.
[[0;32m  OK  [0m] Started udev Kernel Device Manager.
[[0;32m  OK  [0m] Started Dispatch Password Requests to Console Directory Watch.
[[0;32m  OK  [0m] Started Monitoring of LVM2 mirrors,...ng dmeventd or progress polling.
[[0;32m  OK  [0m] Reached target Local File Systems (Pre).
[[0;32m  OK  [0m] Reached target Local File Systems.
         Starting Tell Plymouth To Write Out Runtime Data...
         Starting Create Volatile Files and Directories...
         Starting LSB: AppArmor initialization...
         Starting Set console font and keymap...
         Starting Initial cloud-init job (pre-networking)...
[[0;32m  OK  [0m] Started Tell Plymouth To Write Out Runtime Data.
[[0;32m  OK  [0m] Started Create Volatile Files and Directories.
[[0;32m  OK  [0m] Found device /dev/ttyS0.
[[0;32m  OK  [0m] Listening on Load/Save RF Kill Switch Status /dev/rfkill Watch.
         Starting Update UTMP about System Boot/Shutdown...
[[0;32m  OK  [0m] Started LSB: AppArmor initialization.
[[0;32m  OK  [0m] Started Set console font and keymap.
[[0;32m  OK  [0m] Started Update UTMP about System Boot/Shutdown.
[[0;32m  OK  [0m] Created slice system-getty.slice.
[    8.829626] cloud-init[653]: Cloud-init v. 18.3-9-g2e62cb8a-0ubuntu1~16.04.2 running 'init-local' at Wed, 24 Oct 2018 09:45:09 +0000. Up 8.43 seconds.
[[0;32m  OK  [0m] Started Initial cloud-init job (pre-networking).
[[0;32m  OK  [0m] Reached target Network (Pre).
[[0;32m  OK  [0m] Started ifup for enp0s3.
[[0;32m  OK  [0m] Started ifup for enp0s8.
         Starting Raise network interfaces...
[[0;32m  OK  [0m] Started Raise network interfaces.
         Starting Initial cloud-init job (metadata service crawler)...
[[0;32m  OK  [0m] Reached target Network.
[   10.208403] cloud-init[1062]: Cloud-init v. 18.3-9-g2e62cb8a-0ubuntu1~16.04.2 running 'init' at Wed, 24 Oct 2018 09:45:10 +0000. Up 9.70 seconds.
[   10.241138] cloud-init[1062]: ci-info: ++++++++++++++++++++++++++++++++++++++Net device info+++++++++++++++++++++++++++++++++++++++
[   10.245016] cloud-init[1062]: ci-info: +--------+------+-----------------------------+---------------+--------+-------------------+
[   10.247452] cloud-init[1062]: ci-info: | Device |  Up  |           Address           |      Mask     | Scope  |     Hw-Address    |
[   10.249868] cloud-init[1062]: ci-info: +--------+------+-----------------------------+---------------+--------+-------------------+
[   10.285191] cloud-init[1062]: ci-info: | enp0s3 | True |          10.0.2.15          | 255.255.255.0 | global | 02:5a:4b:c7:3e:fa |
[   10.290758] cloud-init[1062]: ci-info: | enp0s3 | True |  fe80::5a:4bff:fec7:3efa/64 |       .       |  link  | 02:5a:4b:c7:3e:fa |
[   10.292942] cloud-init[1062]: ci-info: | enp0s8 | True |        192.168.33.104       | 255.255.255.0 | global | 08:00:27:e3:41:5c |
[   10.297314] [[0;32m  OK  [0m] Started Initial cloud-init job (metadata service crawler).
cloud-init[1062]: ci-info: | enp0s8 | True | fe80::a00:27ff:fee3:415c/64 |       .       |  link  | 08:00:27:e3:41:5c |
[   10.326912] [[0;32m  OK  [0m] Reached target Network is Online.
cloud-init[1062]: ci-info: |   lo   | True |          127.0.0.1          |   255.0.0.0   |  host  |         .         |
[   10.332662] cloud-init[1062]: ci-info: |   lo   | True |           ::1/128           |       .       |  host  |         .         |
[   10.364718] cloud-init[1062]: ci-info: +--------+------+-----------------------------+---------------+--------+-------------------+
         Starting iSCSI initiator daemon (iscsid)...
[[0;32m  OK  [0m] Reached target Cloud-config availability.
[   10.394108] cloud-init[1062]: ci-info: ++++++++++++++++++++++++++++Route IPv4 info++++++++++++++++++++++++++++
[   10.448034] cloud-init[1062]: ci-info: +-------+--------------+----------+---------------+-----------+-------+
[   10.456660] cloud-init[1062]: ci-info: | Route | Destination  | Gateway  |    Genmask    | Interface | Flags |
[[0;32m  OK  [0m] Reached target System Initialization.
[   10.465590] cloud-init[1062]: ci-info: +-------+--------------+----------+---------------+-----------+-------+
[   10.500421] cloud-init[1062]: ci-info: |   0   |   0.0.0.0    | 10.0.2.2 |    0.0.0.0    |   enp0s3  |   UG  |
[[0;32m  OK  [0m] Started ACPI Events Check.
[   10.518710] cloud-init[1062]: ci-info: |   1   |   10.0.2.0   | 0.0.0.0  | 255.255.255.0 |   enp0s3  |   U   |
[   10.520329] cloud-init[1062]: ci-info: |   2   | 192.168.33.0 | 0.0.0.0  | 255.255.255.0 |   enp0s8  |   U   |
[   10.520585] cloud-init[1062]: ci-info: +-------+--------------+----------+---------------+-----------+-------+
[   10.520833] cloud-init[1062]: ci-info: +++++++++++++++++++Route IPv6 info+++++++++++++++++++
[   10.521080] cloud-init[1062]: ci-info: +-------+-------------+---------+-----------+-------+
[   10.521681] cloud-init[1062]: ci-info: | Route | Destination | Gateway | Interface | Flags |
[   10.521835] cloud-init[1062]: ci-info: +-------+-------------+---------+-----------+-------+
[   10.522091] cloud-init[1062]: ci-info: |   0   |  fe80::/64  |    ::   |   enp0s8  |   U   |
[   10.522331] cloud-init[1062]: ci-info: |   1   |  fe80::/64  |    ::   |   enp0s3  |   U   |
[   10.522584] cloud-init[1062]: ci-info: |   4   |   ff00::/8  |    ::   |   enp0s8  |   U   |
[   10.522846] cloud-init[1062]: ci-info: |   5   |   ff00::/8  |    ::   |   enp0s3  |   U   |
[   10.523151] cloud-init[1062]: ci-info: +-------+-------------+---------+-----------+-------+
[[0;32m  OK  [0m] Reached target Paths.
         Starting LXD - unix socket.
[[0;32m  OK  [0m] Listening on UUID daemon activation socket.
[[0;32m  OK  [0m] Listening on ACPID Listen Socket.
[[0;32m  OK  [0m] Started Daily Cleanup of Temporary Directories.
         Starting Socket activation for snappy daemon.
[[0;32m  OK  [0m] Started Daily apt download activities.
[[0;32m  OK  [0m] Started Daily apt upgrade and clean activities.
[[0;32m  OK  [0m] Reached target Timers.
[[0;32m  OK  [0m] Listening on D-Bus System Message Bus Socket.
[[0;32m  OK  [0m] Listening on LXD - unix socket.
[[0;32m  OK  [0m] Listening on Socket activation for snappy daemon.
[[0;32m  OK  [0m] Started iSCSI initiator daemon (iscsid).
         Starting Login to default iSCSI targets...
[[0;32m  OK  [0m] Reached target Sockets.
[[0;32m  OK  [0m] Reached target Basic System.
         Starting Login Service...
[[0;32m  OK  [0m] Started FUSE filesystem for LXC.
         Starting LSB: MD monitoring daemon...
         Starting LSB: Record successful boot for GRUB...
         Starting Accounts Service...
         Starting System Logging Service...
[[0;32m  OK  [0m] Started D-Bus System Message Bus.
         Starting MySQL Community Server...
[[0;32m  OK  [0m] Started ACPI event daemon.
[[0;32m  OK  [0m] Started Regular background program processing daemon.
[[0;32m  OK  [0m] Started Unattended Upgrades Shutdown.
         Starting LXD - container startup/shutdown...
         Starting Snappy daemon...
[[0;32m  OK  [0m] Started Deferred execution scheduler.
         Starting OpenBSD Secure Shell server...
         Starting /etc/rc.local Compatibility...
         Starting Virtualbox guest utils...
[[0;32m  OK  [0m] Started System Logging Service.
[[0;32m  OK  [0m] Started /etc/rc.local Compatibility.
[[0;32m  OK  [0m] Started Login to default iSCSI targets.
[[0;32m  OK  [0m] Started OpenBSD Secure Shell server.
[[0;32m  OK  [0m] Started LSB: Record successful boot for GRUB.
[[0;32m  OK  [0m] Started LSB: MD monitoring daemon.
[[0;32m  OK  [0m] Started Login Service.
         Starting Authenticate and Authorize Users to Run Privileged Tasks...
[[0;32m  OK  [0m] Reached target Remote File Systems (Pre).
[[0;32m  OK  [0m] Reached target Remote File Systems.
         Starting LSB: daemon to balance interrupts for SMP systems...
         Starting LSB: automatic crash report generation...
         Starting LSB: Set the CPU Frequency Scaling governor to "ondemand"...
         Starting Permit User Sessions...
         Starting LSB: Apache2 web server...
[[0;32m  OK  [0m] Started LXD - container startup/shutdown.
[[0;32m  OK  [0m] Started Permit User Sessions.
[[0;32m  OK  [0m] Started Authenticate and Authorize Users to Run Privileged Tasks.
[[0;32m  OK  [0m] Started Accounts Service.
[[0;32m  OK  [0m] Started Virtualbox guest utils.
         Starting Hold until boot process finishes up...
         Starting Terminate Plymouth Boot Screen...
[[0;32m  OK  [0m] Started LSB: daemon to balance interrupts for SMP systems.
[[0;32m  OK  [0m] Started LSB: Set the CPU Frequency Scaling governor to "ondemand".
[[0;32m  OK  [0m] Started Hold until boot process finishes up.
[[0;32m  OK  [0m] Started LSB: automatic crash report generation.
[[0;32m  OK  [0m] Started Terminate Plymouth Boot Screen.
[[0;32m  OK  [0m] Started Snappy daemon.
         Starting Wait until snapd is fully seeded...
         Starting Set console scheme...
[[0;32m  OK  [0m] Started Serial Getty on ttyS0.
[[0;32m  OK  [0m] Started Getty on tty1.
[[0;32m  OK  [0m] Reached target Login Prompts.
[[0;32m  OK  [0m] Started Set console scheme.
[[0;32m  OK  [0m] Started Wait until snapd is fully seeded.
         Starting Apply the settings specified in cloud-config...
[[0;32m  OK  [0m] Started MySQL Community Server.
[   12.480395] cloud-init[1335]: Cloud-init v. 18.3-9-g2e62cb8a-0ubuntu1~16.04.2 running 'modules:config' at Wed, 24 Oct 2018 09:45:12 +0000. Up 12.18 seconds.
[[0;32m  OK  [0m] Started Apply the settings specified in cloud-config.
[[0;32m  OK  [0m] Created slice User Slice of vagrant.
         Starting User Manager for UID 1000...
[[0;32m  OK  [0m] Started Session 1 of user vagrant.
[[0;32m  OK  [0m] Started User Manager for UID 1000.
[[0;32m  OK  [0m] Started LSB: Apache2 web server.
[[0;32m  OK  [0m] Reached target Multi-User System.
         Starting Execute cloud user/final scripts...
[[0;32m  OK  [0m] Reached target Graphical Interface.
         Starting Update UTMP about System Runlevel Changes...
[[0;32m  OK  [0m] Started Update UTMP about System Runlevel Changes.
[   13.343290] cloud-init[1428]: Cloud-init v. 18.3-9-g2e62cb8a-0ubuntu1~16.04.2 running 'modules:final' at Wed, 24 Oct 2018 09:45:13 +0000. Up 13.18 seconds.
[[0;32m  OK  [0m] Started Execute cloud user/final scripts.
[   13.432846] cloud-init[1428]: Cloud-init v. 18.3-9-g2e62cb8a-0ubuntu1~16.04.2 finished at Wed, 24 Oct 2018 09:45:13 +0000. Datasource DataSourceNoCloud [seed=/dev/sdb][dsmode=net].  Up 13.33 seconds
[[0;32m  OK  [0m] Reached target Cloud-init target.

Ubuntu 16.04.5 LTS ubuntu-xenial ttyS0

ubuntu-xenial login:          Stopping Session 2 of user vagrant.
[[0;32m  OK  [0m] Closed Load/Save RF Kill Switch Status /dev/rfkill Watch.
[[0;32m  OK  [0m] Stopped target Timers.
[[0;32m  OK  [0m] Stopped Daily apt upgrade and clean activities.
[[0;32m  OK  [0m] Stopped Daily Cleanup of Temporary Directories.
         Stopping ACPI event daemon...
[[0;32m  OK  [0m] Stopped target Graphical Interface.
[[0;32m  OK  [0m] Stopped target Cloud-init target.
[[0;32m  OK  [0m] Stopped Execute cloud user/final scripts.
[[0;32m  OK  [0m] Stopped Apply the settings specified in cloud-config.
[[0;32m  OK  [0m] Stopped target Cloud-config availability.
[[0;32m  OK  [0m] Stopped Daily apt download activities.
[[0;32m  OK  [0m] Stopped target System Time Synchronized.
         Stopping Authenticate and Authorize Users to Run Privileged Tasks...
         Stopping Accounts Service...
         Stopping User Manager for UID 1000...
[[0;32m  OK  [0m] Stopped target Multi-User System.
         Stopping LSB: Apache2 web server...
         Stopping Regular background program processing daemon...
         Stopping LSB: MD monitoring daemon...
         Stopping D-Bus System Messa.[[0;32m  OK  [0m] Unmounted /var/lib/lxcfs.
[[0;32m  OK  [0m] Stopped Accounts Service.
[[0;32m  OK  [0m] Stopped System Logging Service.
[[0;32m  OK  [0m] Stopped ACPI event daemon.
[[0;32m  OK  [0m] Stopped Regular background program processing daemon.
[[0;32m  OK  [0m] Stopped Snappy daemon.
[[0;32m  OK  [0m] Stopped Deferred execution scheduler.
[[0;32m  OK  [0m] Stopped OpenBSD Secure Shell server.
[[0;32m  OK  [0m] Stopped Authenticate and Authorize Users to Run Privileged Tasks.
[[0;32m  OK  [0m] Stopped Serial Getty on ttyS0.
[[0;32m  OK  [0m] Stopped Getty on tty1.
[[0;32m  OK  [0m] Stopped User Manager for UID 1000.
[[0;32m  OK  [0m] Stopped Session 2 of user vagrant.
[[0;32m  OK  [0m] Stopped D-Bus System Message Bus.
[[0;32m  OK  [0m] Stopped FUSE filesystem for LXC.
[[0;32m  OK  [0m] Stopped LSB: MD monitoring daemon.
[[0;32m  OK  [0m] Stopped LXD - container startup/shutdown.
[[0;32m  OK  [0m] Stopped Unattended Upgrades Shutdown.
[[0;32m  OK  [0m] Stopped LSB: Set the CPU Frequency Scaling governor to "ondemand".
[[0;32m  OK  [0m] Stopped LSB: Record successful boot for GRUB.
[[0;32m  OK  [0m] Stopped LSB: daemon to balance interrupts for SMP systems.
[[0;32m  OK  [0m] Stopped LSB: automatic crash report generation.
[[0;32m  OK  [0m] Stopped Virtualbox guest utils.
[[0;32m  OK  [0m] Removed slice User Slice of vagrant.
         Stopping Login Service...
[[0;32m  OK  [0m] Removed slice system-getty.slice.
         Stopping Permit User Sessions...
[[0;32m  OK  [0m] Stopped /etc/rc.local Compatibility.
[[0;32m  OK  [0m] Removed slice system-serial\x2dgetty.slice.
[[0;32m  OK  [0m] Stopped Permit User Sessions.
[[0;32m  OK  [0m] Stopped Login Service.
[[0;32m  OK  [0m] Stopped target User and Group Name Lookups.
[[0;32m  OK  [0m] Stopped MySQL Community Server.
[[0;32m  OK  [0m] Stopped LSB: Apache2 web server.
[[0;32m  OK  [0m] Stopped target Remote File Systems.
[[0;32m  OK  [0m] Stopped target Remote File Systems (Pre).
         Stopping Login to default iSCSI targets...
[[0;32m  OK  [0m] Stopped target Basic System.
[[0;32m  OK  [0m] Stopped target Slices.
[[0;32m  OK  [0m] Removed slice User and Session Slice.
[[0;32m  OK  [0m] Stopped target Paths.
[[0;32m  OK  [0m] Stopped Forward Password Requests to Wall Directory Watch.
[[0;32m  OK  [0m] Stopped Dispatch Password Requests to Console Directory Watch.
[[0;32m  OK  [0m] Stopped ACPI Events Check.
[[0;32m  OK  [0m] Stopped target Sockets.
[[0;32m  OK  [0m] Closed Socket activation for snappy daemon.
[[0;32m  OK  [0m] Closed LXD - unix socket.
[[0;32m  OK  [0m] Closed D-Bus System Message Bus Socket.
[[0;32m  OK  [0m] Closed UUID daemon activation socket.
[[0;32m  OK  [0m] Closed Syslog Socket.
[[0;32m  OK  [0m] Closed ACPID Listen Socket.
[[0;32m  OK  [0m] Stopped target System Initialization.
[[0;32m  OK  [0m] Stopped target Encrypted Volumes.
[[0;32m  OK  [0m] Stopped Create Volatile Files and Directories.
         Stopping Load/Save Random Seed...
[[0;32m  OK  [0m] Stopped target Swap.
[[0;32m  OK  [0m] Stopped Load/Save Random Seed.
[[0;32m  OK  [0m] Stopped Login to default iSCSI targets.
         Stopping iSCSI initiator daemon (iscsid)...
[[0;32m  OK  [0m] Stopped iSCSI initiator daemon (iscsid).
[[0;32m  OK  [0m] Stopped target Network is Online.
[[0;32m  OK  [0m] Stopped Initial cloud-init job (metadata service crawler).
[[0;32m  OK  [0m] Stopped target Network.
         Stopping Raise network interfaces...
[[0;32m  OK  [0m] Stopped Raise network interfaces.
[[0;32m  OK  [0m] Stopped target Local File Systems.
         Unmounting /vagrant...
         Unmounting /run/user/1000...
[[0;32m  OK  [0m] Stopped Apply Kernel Variables.
[[0;32m  OK  [0m] Stopped target Network (Pre).
[[0;32m  OK  [0m] Stopped Initial cloud-init job (pre-networking).
[[0;32m  OK  [0m] Stopped Load Kernel Modules.
[[0;32m  OK  [0m] Unmounted /vagrant.
[[0;32m  OK  [0m] Unmounted /run/user/1000.
[[0;32m  OK  [0m] Reached target Unmount All Filesystems.
[[0;32m  OK  [0m] Stopped target Local File Systems (Pre).
         Stopping Monitoring of LVM2 mirrors... dmeventd or progress polling...
[[0;32m  OK  [0m] Stopped Remount Root and Kernel File Systems.
[[0;32m  OK  [0m] Stopped Create Static Device Nodes in /dev.
[[0;32m  OK  [0m] Reached target Shutdown.
[   83.126209] reboot: Power down
