[    0.000000] Initializing cgroup subsys cpuset
[    0.000000] Initializing cgroup subsys cpu
[    0.000000] Initializing cgroup subsys cpuacct
[    0.000000] Linux version 4.4.0-137-generic (buildd@lgw01-amd64-037) (gcc version 5.4.0 20160609 (Ubuntu 5.4.0-6ubuntu1~16.04.10) ) #163-Ubuntu SMP Mon Sep 24 13:14:43 UTC 2018 (Ubuntu 4.4.0-137.163-generic 4.4.144)
[    0.000000] Command line: BOOT_IMAGE=/boot/vmlinuz-4.4.0-137-generic root=LABEL=cloudimg-rootfs ro console=tty1 console=ttyS0
[    0.000000] KERNEL supported cpus:
[    0.000000]   Intel GenuineIntel
[    0.000000]   AMD AuthenticAMD
[    0.000000]   Centaur CentaurHauls
[    0.000000] x86/fpu: xstate_offset[2]:  576, xstate_sizes[2]:  256
[    0.000000] x86/fpu: Supporting XSAVE feature 0x01: 'x87 floating point registers'
[    0.000000] x86/fpu: Supporting XSAVE feature 0x02: 'SSE registers'
[    0.000000] x86/fpu: Supporting XSAVE feature 0x04: 'AVX registers'
[    0.000000] x86/fpu: Enabled xstate features 0x7, context size is 832 bytes, using 'standard' format.
[    0.000000] e820: BIOS-provided physical RAM map:
[    0.000000] BIOS-e820: [mem 0x0000000000000000-0x000000000009fbff] usable
[    0.000000] BIOS-e820: [mem 0x000000000009fc00-0x000000000009ffff] reserved
[    0.000000] BIOS-e820: [mem 0x00000000000f0000-0x00000000000fffff] reserved
[    0.000000] BIOS-e820: [mem 0x0000000000100000-0x000000003ffeffff] usable
[    0.000000] BIOS-e820: [mem 0x000000003fff0000-0x000000003fffffff] ACPI data
[    0.000000] BIOS-e820: [mem 0x00000000fec00000-0x00000000fec00fff] reserved
[    0.000000] BIOS-e820: [mem 0x00000000fee00000-0x00000000fee00fff] reserved
[    0.000000] BIOS-e820: [mem 0x00000000fffc0000-0x00000000ffffffff] reserved
[    0.000000] NX (Execute Disable) protection: active
[    0.000000] SMBIOS 2.5 present.
[    0.000000] Hypervisor detected: KVM
[    0.000000] e820: last_pfn = 0x3fff0 max_arch_pfn = 0x400000000
[    0.000000] MTRR: Disabled
[    0.000000] x86/PAT: MTRRs disabled, skipping PAT initialization too.
[    0.000000] CPU MTRRs all blank - virtualized system.
[    0.000000] x86/PAT: Configuration [0-7]: WB  WT  UC- UC  WB  WT  UC- UC  
[    0.000000] found SMP MP-table at [mem 0x0009fff0-0x0009ffff] mapped at [ffff88000009fff0]
[    0.000000] Scanning 1 areas for low memory corruption
[    0.000000] RAMDISK: [mem 0x3630a000-0x3717cfff]
[    0.000000] ACPI: Early table checksum verification disabled
[    0.000000] ACPI: RSDP 0x00000000000E0000 000024 (v02 VBOX  )
[    0.000000] ACPI: XSDT 0x000000003FFF0030 00003C (v01 VBOX   VBOXXSDT 00000001 ASL  00000061)
[    0.000000] ACPI: FACP 0x000000003FFF00F0 0000F4 (v04 VBOX   VBOXFACP 00000001 ASL  00000061)
[    0.000000] ACPI: DSDT 0x000000003FFF0470 0021FF (v02 VBOX   VBOXBIOS 00000002 INTL 20160108)
[    0.000000] ACPI: FACS 0x000000003FFF0200 000040
[    0.000000] ACPI: FACS 0x000000003FFF0200 000040
[    0.000000] ACPI: APIC 0x000000003FFF0240 00005C (v02 VBOX   VBOXAPIC 00000001 ASL  00000061)
[    0.000000] ACPI: SSDT 0x000000003FFF02A0 0001CC (v01 VBOX   VBOXCPUT 00000002 INTL 20160108)
[    0.000000] No NUMA configuration found
[    0.000000] Faking a node at [mem 0x0000000000000000-0x000000003ffeffff]
[    0.000000] NODE_DATA(0) allocated [mem 0x3ffeb000-0x3ffeffff]
[    0.000000] kvm-clock: Using msrs 4b564d01 and 4b564d00
[    0.000000] kvm-clock: cpu 0, msr 0:3ffe3001, primary cpu clock
[    0.000000] kvm-clock: using sched offset of 3238860744 cycles
[    0.000000] clocksource: kvm-clock: mask: 0xffffffffffffffff max_cycles: 0x1cd42e4dffb, max_idle_ns: 881590591483 ns
[    0.000000] Zone ranges:
[    0.000000]   DMA      [mem 0x0000000000001000-0x0000000000ffffff]
[    0.000000]   DMA32    [mem 0x0000000001000000-0x000000003ffeffff]
[    0.000000]   Normal   empty
[    0.000000]   Device   empty
[    0.000000] Movable zone start for each node
[    0.000000] Early memory node ranges
[    0.000000]   node   0: [mem 0x0000000000001000-0x000000000009efff]
[    0.000000]   node   0: [mem 0x0000000000100000-0x000000003ffeffff]
[    0.000000] Initmem setup node 0 [mem 0x0000000000001000-0x000000003ffeffff]
[    0.000000] ACPI: PM-Timer IO Port: 0x4008
[    0.000000] IOAPIC[0]: apic_id 2, version 32, address 0xfec00000, GSI 0-23
[    0.000000] ACPI: INT_SRC_OVR (bus 0 bus_irq 0 global_irq 2 dfl dfl)
[    0.000000] ACPI: INT_SRC_OVR (bus 0 bus_irq 9 global_irq 9 low level)
[    0.000000] Using ACPI (MADT) for SMP configuration information
[    0.000000] smpboot: Allowing 2 CPUs, 0 hotplug CPUs
[    0.000000] PM: Registered nosave memory: [mem 0x00000000-0x00000fff]
[    0.000000] PM: Registered nosave memory: [mem 0x0009f000-0x0009ffff]
[    0.000000] PM: Registered nosave memory: [mem 0x000a0000-0x000effff]
[    0.000000] PM: Registered nosave memory: [mem 0x000f0000-0x000fffff]
[    0.000000] e820: [mem 0x40000000-0xfebfffff] available for PCI devices
[    0.000000] Booting paravirtualized kernel on KVM
[    0.000000] clocksource: refined-jiffies: mask: 0xffffffff max_cycles: 0xffffffff, max_idle_ns: 7645519600211568 ns
[    0.000000] setup_percpu: NR_CPUS:512 nr_cpumask_bits:512 nr_cpu_ids:2 nr_node_ids:1
[    0.000000] PERCPU: Embedded 34 pages/cpu @ffff88003fc00000 s99608 r8192 d31464 u1048576
[    0.000000] PV qspinlock hash table entries: 256 (order: 0, 4096 bytes)
[    0.000000] Built 1 zonelists in Node order, mobility grouping on.  Total pages: 257912
[    0.000000] Policy zone: DMA32
[    0.000000] Kernel command line: BOOT_IMAGE=/boot/vmlinuz-4.4.0-137-generic root=LABEL=cloudimg-rootfs ro console=tty1 console=ttyS0
[    0.000000] PID hash table entries: 4096 (order: 3, 32768 bytes)
[    0.000000] Memory: 997708K/1048120K available (8555K kernel code, 1314K rwdata, 4004K rodata, 1528K init, 1316K bss, 50412K reserved, 0K cma-reserved)
[    0.000000] SLUB: HWalign=64, Order=0-3,MinObjects=0, CPUs=2, Nodes=1
[    0.000000] Kernel/User page tables isolation: enabled
[    0.000000] Hierarchical RCU implementation.
[    0.000000] 	Build-time adjustment of leaf fanout to 64.
[    0.000000] 	RCU restricting CPUs from NR_CPUS=512 to nr_cpu_ids=2.
[    0.000000] RCU: Adjusting geometry for rcu_fanout_leaf=64, nr_cpu_ids=2
[    0.000000] NR_IRQS:33024 nr_irqs:440 16
[    0.000000] Console: colour VGA+ 80x25
[    0.000000] console [tty1] enabled
[    0.000000] console [ttyS0] enabled
[    0.000000] tsc: Detected 2494.234 MHz processor
[    0.305397] Calibrating delay loop (skipped) preset value.. 4988.46 BogoMIPS (lpj=9976936)
[    0.307063] pid_max: default: 32768 minimum: 301
[    0.308010] ACPI: Core revision 20150930
[    0.309808] ACPI: 2 ACPI AML tables successfully acquired and loaded
[    0.311146] Security Framework initialized
[    0.312031] Yama: becoming mindful.
[    0.312780] AppArmor: AppArmor initialized
[    0.313680] Dentry cache hash table entries: 131072 (order: 8, 1048576 bytes)
[    0.315690] Inode-cache hash table entries: 65536 (order: 7, 524288 bytes)
[    0.317051] Mount-cache hash table entries: 2048 (order: 2, 16384 bytes)
[    0.318241] Mountpoint-cache hash table entries: 2048 (order: 2, 16384 bytes)
[    0.319961] Initializing cgroup subsys io
[    0.321142] Initializing cgroup subsys memory
[    0.322370] Initializing cgroup subsys devices
[    0.324737] Initializing cgroup subsys freezer
[    0.325986] Initializing cgroup subsys net_cls
[    0.327230] Initializing cgroup subsys perf_event
[    0.328139] Initializing cgroup subsys net_prio
[    0.329022] Initializing cgroup subsys hugetlb
[    0.329890] Initializing cgroup subsys pids
[    0.330792] mce: CPU supports 0 MCE banks
[    0.331667] Last level iTLB entries: 4KB 512, 2MB 8, 4MB 8
[    0.332680] Last level dTLB entries: 4KB 512, 2MB 32, 4MB 32, 1GB 0
[    0.333808] Spectre V2 : Mitigation: Full generic retpoline
[    0.334827] Spectre V2 : Spectre v2 mitigation: Speculation control IBPB not-supported IBRS not-supported
[    0.336444] Spectre V2 : Spectre v2 / SpectreRSB mitigation: Filling RSB on context switch
[    0.338302] Speculative Store Bypass: Vulnerable
[    0.341948] Freeing SMP alternatives memory: 32K
[    0.351702] ftrace: allocating 32265 entries in 127 pages
[    0.412074] smpboot: APIC(0) Converting physical 0 to logical package 0
[    0.518001] smpboot: Max logical packages: 1
[    0.519160] x2apic enabled
[    0.520028] Switched APIC routing to physical x2apic.
[    0.522132] ..TIMER: vector=0x30 apic1=0 pin1=2 apic2=-1 pin2=-1
[    0.631354] smpboot: CPU0: Intel(R) Core(TM) i5-2520M CPU @ 2.50GHz (family: 0x6, model: 0x2a, stepping: 0x7)
[    0.685775] Performance Events: unsupported p6 CPU model 42 no PMU driver, software events only.
[    0.687631] KVM setup paravirtual spinlock
[    0.689198] x86: Booting SMP configuration:
[    0.690052] .... node  #0, CPUs:      #1
[    0.690986] kvm-clock: cpu 1, msr 0:3ffe3041, secondary cpu clock
[    0.692213] mce: CPU supports 0 MCE banks
[    0.694960] x86: Booted up 1 node, 2 CPUs
[    0.696073] smpboot: Total of 2 processors activated (9976.93 BogoMIPS)
[    0.697678] devtmpfs: initialized
[    0.700099] evm: security.selinux
[    0.700841] evm: security.SMACK64
[    0.701550] evm: security.SMACK64EXEC
[    0.702309] evm: security.SMACK64TRANSMUTE
[    0.703158] evm: security.SMACK64MMAP
[    0.703935] evm: security.ima
[    0.704598] evm: security.capability
[    0.705527] clocksource: jiffies: mask: 0xffffffff max_cycles: 0xffffffff, max_idle_ns: 7645041785100000 ns
[    0.707346] futex hash table entries: 512 (order: 3, 32768 bytes)
[    0.708600] pinctrl core: initialized pinctrl subsystem
[    0.709697] RTC time:  9:59:53, date: 10/17/18
[    0.710730] NET: Registered protocol family 16
[    0.723608] cpuidle: using governor ladder
[    0.743630] cpuidle: using governor menu
[    0.767487] PCCT header not found.
[    0.768332] ACPI: bus type PCI registered
[    0.769141] acpiphp: ACPI Hot Plug PCI Controller Driver version: 0.5
[    0.770409] PCI: Using configuration type 1 for base access
[    0.785929] ACPI: Added _OSI(Module Device)
[    0.787565] ACPI: Added _OSI(Processor Device)
[    0.789418] ACPI: Added _OSI(3.0 _SCP Extensions)
[    0.791362] ACPI: Added _OSI(Processor Aggregator Device)
[    0.793941] ACPI: Executed 1 blocks of module-level executable AML code
[    0.797766] ACPI: Interpreter enabled
[    0.803627] ACPI: (supports S0 S5)
[    0.804349] ACPI: Using IOAPIC for interrupt routing
[    0.805440] PCI: Using host bridge windows from ACPI; if necessary, use "pci=nocrs" and report a bug
[    0.810782] ACPI: PCI Root Bridge [PCI0] (domain 0000 [bus 00-ff])
[    0.812005] acpi PNP0A03:00: _OSC: OS supports [ASPM ClockPM Segments MSI]
[    0.813229] acpi PNP0A03:00: _OSC: not requesting OS control; OS requires [ExtendedConfig ASPM ClockPM MSI]
[    0.815027] acpi PNP0A03:00: fail to add MMCONFIG information, can't access extended PCI configuration space under this bridge.
[    0.817401] PCI host bridge to bus 0000:00
[    0.818226] pci_bus 0000:00: root bus resource [io  0x0000-0x0cf7 window]
[    0.819447] pci_bus 0000:00: root bus resource [io  0x0d00-0xffff window]
[    0.820667] pci_bus 0000:00: root bus resource [mem 0x000a0000-0x000bffff window]
[    0.822142] pci_bus 0000:00: root bus resource [mem 0x40000000-0xfdffffff window]
[    0.823727] pci_bus 0000:00: root bus resource [bus 00-ff]
[    0.826459] pci 0000:00:01.1: legacy IDE quirk: reg 0x10: [io  0x01f0-0x01f7]
[    0.827737] pci 0000:00:01.1: legacy IDE quirk: reg 0x14: [io  0x03f6]
[    0.828881] pci 0000:00:01.1: legacy IDE quirk: reg 0x18: [io  0x0170-0x0177]
[    0.830110] pci 0000:00:01.1: legacy IDE quirk: reg 0x1c: [io  0x0376]
[    0.863949] pci 0000:00:07.0: quirk: [io  0x4000-0x403f] claimed by PIIX4 ACPI
[    0.865898] pci 0000:00:07.0: quirk: [io  0x4100-0x410f] claimed by PIIX4 SMB
[    0.875624] ACPI: PCI Interrupt Link [LNKA] (IRQs 5 9 10 *11)
[    0.877596] ACPI: PCI Interrupt Link [LNKB] (IRQs 5 9 *10 11)
[    0.879362] ACPI: PCI Interrupt Link [LNKC] (IRQs 5 *9 10 11)
[    0.881084] ACPI: PCI Interrupt Link [LNKD] (IRQs 5 9 10 *11)
[    0.882824] ACPI: Enabled 2 GPEs in block 00 to 07
[    0.987613] vgaarb: setting as boot device: PCI:0000:00:02.0
[    1.150033] vgaarb: device added: PCI:0000:00:02.0,decodes=io+mem,owns=io+mem,locks=none
[    1.187185] vgaarb: loaded
[    1.187855] vgaarb: bridge control possible 0000:00:02.0
[    1.189124] SCSI subsystem initialized
[    1.190094] ACPI: bus type USB registered
[    1.190956] usbcore: registered new interface driver usbfs
[    1.192019] usbcore: registered new interface driver hub
[    1.193029] usbcore: registered new device driver usb
[    1.194814] PCI: Using ACPI for IRQ routing
[    1.196059] NetLabel: Initializing
[    1.196788] NetLabel:  domain hash size = 128
[    1.197638] NetLabel:  protocols = UNLABELED CIPSOv4
[    1.198584] NetLabel:  unlabeled traffic allowed by default
[    1.199808] amd_nb: Cannot enumerate AMD northbridges
[    1.206099] clocksource: Switched to clocksource kvm-clock
[    1.214603] AppArmor: AppArmor Filesystem Enabled
[    1.219105] pnp: PnP ACPI init
[    1.220591] pnp: PnP ACPI: found 3 devices
[    1.232428] clocksource: acpi_pm: mask: 0xffffff max_cycles: 0xffffff, max_idle_ns: 2085701024 ns
[    1.234174] NET: Registered protocol family 2
[    1.235285] TCP established hash table entries: 8192 (order: 4, 65536 bytes)
[    1.236552] TCP bind hash table entries: 8192 (order: 5, 131072 bytes)
[    1.237716] TCP: Hash tables configured (established 8192 bind 8192)
[    1.238894] UDP hash table entries: 512 (order: 2, 16384 bytes)
[    1.239975] UDP-Lite hash table entries: 512 (order: 2, 16384 bytes)
[    1.241132] NET: Registered protocol family 1
[    1.242001] pci 0000:00:00.0: Limiting direct PCI/PCI transfers
[    1.243125] pci 0000:00:01.0: Activating ISA DMA hang workarounds
[    1.244359] Unpacking initramfs...
[    1.467278] Freeing initrd memory: 14796K
[    1.693278] RAPL PMU detected, API unit is 2^-32 Joules, 3 fixed counters 10737418240 ms ovfl timer
[    1.695008] hw unit of domain pp0-core 2^-0 Joules
[    1.695945] hw unit of domain package 2^-0 Joules
[    1.696851] hw unit of domain pp1-gpu 2^-0 Joules
[    1.697837] platform rtc_cmos: registered platform RTC device (no PNP device found)
[    1.699434] Scanning for low memory corruption every 60 seconds
[    1.700989] audit: initializing netlink subsys (disabled)
[    1.702032] audit: type=2000 audit(1539770398.733:1): initialized
[    1.703516] Initialise system trusted keyring
[    1.704608] HugeTLB registered 2 MB page size, pre-allocated 0 pages
[    1.707225] zbud: loaded
[    1.708218] VFS: Disk quotas dquot_6.6.0
[    1.709062] VFS: Dquot-cache hash table entries: 512 (order 0, 4096 bytes)
[    1.710522] squashfs: version 4.0 (2009/01/31) Phillip Lougher
[    1.711994] fuse init (API version 7.23)
[    1.712961] Key type big_key registered
[    1.713779] Allocating IMA MOK and blacklist keyrings.
[    1.716134] Key type asymmetric registered
[    1.716966] Asymmetric key parser 'x509' registered
[    1.717935] Block layer SCSI generic (bsg) driver version 0.4 loaded (major 249)
[    1.719562] io scheduler noop registered
[    1.720386] io scheduler deadline registered (default)
[    1.721391] io scheduler cfq registered
[    1.722283] pci_hotplug: PCI Hot Plug PCI Core version: 0.5
[    1.723436] pciehp: PCI Express Hot Plug Controller Driver version: 0.4
[    1.724766] ACPI: AC Adapter [AC] (on-line)
[    1.725661] input: Power Button as /devices/LNXSYSTM:00/LNXPWRBN:00/input/input0
[    1.727247] ACPI: Power Button [PWRF]
[    1.728086] input: Sleep Button as /devices/LNXSYSTM:00/LNXSLPBN:00/input/input1
[    1.729559] ACPI: Sleep Button [SLPF]
[    1.730590] GHES: HEST is not enabled!
[    1.731476] Serial: 8250/16550 driver, 32 ports, IRQ sharing enabled
[    1.754895] 00:02: ttyS0 at I/O 0x3f8 (irq = 4, base_baud = 115200) is a 16550A
[    1.757696] Linux agpgart interface v0.103
[    1.760446] loop: module loaded
[    1.761839] scsi host0: ata_piix
[    1.762849] scsi host1: ata_piix
[    1.763628] ata1: PATA max UDMA/33 cmd 0x1f0 ctl 0x3f6 bmdma 0xd000 irq 14
[    1.764860] ata2: PATA max UDMA/33 cmd 0x170 ctl 0x376 bmdma 0xd008 irq 15
[    1.766523] libphy: Fixed MDIO Bus: probed
[    1.767422] tun: Universal TUN/TAP device driver, 1.6
[    1.768410] tun: (C) 1999-2004 Max Krasnyansky <maxk@qualcomm.com>
[    1.769587] PPP generic driver version 2.4.2
[    1.770499] ehci_hcd: USB 2.0 'Enhanced' Host Controller (EHCI) Driver
[    1.771704] ehci-pci: EHCI PCI platform driver
[    1.772611] ehci-platform: EHCI generic platform driver
[    1.773603] ohci_hcd: USB 1.1 'Open' Host Controller (OHCI) Driver
[    1.774746] ohci-pci: OHCI PCI platform driver
[    1.775635] ohci-platform: OHCI generic platform driver
[    1.776620] uhci_hcd: USB Universal Host Controller Interface driver
[    1.777818] i8042: PNP: PS/2 Controller [PNP0303:PS2K,PNP0f03:PS2M] at 0x60,0x64 irq 1,12
[    1.779966] serio: i8042 KBD port at 0x60,0x64 irq 1
[    1.780926] serio: i8042 AUX port at 0x60,0x64 irq 12
[    1.781998] mousedev: PS/2 mouse device common for all mice
[    1.783721] input: AT Translated Set 2 keyboard as /devices/platform/i8042/serio0/input/input2
[    1.785575] rtc_cmos rtc_cmos: rtc core: registered rtc_cmos as rtc0
[    1.786813] rtc_cmos rtc_cmos: alarms up to one day, 114 bytes nvram
[    1.787966] i2c /dev entries driver
[    1.788766] device-mapper: uevent: version 1.0.3
[    1.789752] device-mapper: ioctl: 4.34.0-ioctl (2015-10-28) initialised: dm-devel@redhat.com
[    1.791471] ledtrig-cpu: registered to indicate activity on CPUs
[    1.793055] NET: Registered protocol family 10
[    1.794197] NET: Registered protocol family 17
[    1.795104] Key type dns_resolver registered
[    1.796224] registered taskstats version 1
[    1.797070] Loading compiled-in X.509 certificates
[    1.798778] Loaded X.509 cert 'Build time autogenerated kernel key: 20acc96b50ca7641011eace69d32209215a9b56f'
[    1.800665] zswap: loaded using pool lzo/zbud
[    1.804123] Key type trusted registered
[    1.810185] Key type encrypted registered
[    1.811040] AppArmor: AppArmor sha1 policy hashing enabled
[    1.812060] ima: No TPM chip found, activating TPM-bypass!
[    1.813475] ima: Allocated hash algorithm: sha1
[    1.814788] evm: HMAC attrs: 0x1
[    1.816213]   Magic number: 6:697:980
[    1.817385] rtc_cmos rtc_cmos: setting system clock to 2018-10-17 09:59:55 UTC (1539770395)
[    1.819951] BIOS EDD facility v0.16 2004-Jun-25, 0 devices found
[    1.821470] EDD information not available.
[    1.926075] Freeing unused kernel memory: 1528K
[    1.953618] Write protecting the kernel read-only data: 14336k
[    1.955441] Freeing unused kernel memory: 1672K
[    1.961346] Freeing unused kernel memory: 92K
Loading, please wait...
starting version[    1.984606] random: systemd-udevd: uninitialized urandom read (16 bytes read, 2 bits of entropy available)
 229
[    1.985674] random: udevadm: uninitialized urandom read (16 bytes read, 2 bits of entropy available)
[    1.985709] random: udevadm: uninitialized urandom read (16 bytes read, 2 bits of entropy available)
[    2.005180] random: udevadm: uninitialized urandom read (16 bytes read, 2 bits of entropy available)
[    2.005244] random: udevadm: uninitialized urandom read (16 bytes read, 2 bits of entropy available)
[    2.005480] random: udevadm: uninitialized urandom read (16 bytes read, 2 bits of entropy available)
[    2.005578] random: udevadm: uninitialized urandom read (16 bytes read, 2 bits of entropy available)
[    2.005664] random: udevadm: uninitialized urandom read (16 bytes read, 2 bits of entropy available)
[    2.005752] random: udevadm: uninitialized urandom read (16 bytes read, 2 bits of entropy available)
[    2.005836] random: udevadm: uninitialized urandom read (16 bytes read, 2 bits of entropy available)
[    2.071028] e1000: Intel(R) PRO/1000 Network Driver - version 7.3.21-k8-NAPI
[    2.072435] e1000: Copyright (c) 1999-2006 Intel Corporation.
[    2.097182] Fusion MPT base driver 3.04.20
[    2.101543] Copyright (c) 1999-2008 LSI Corporation
[    2.106442] AVX version of gcm_enc/dec engaged.
[    2.107487] AES CTR mode by8 optimization enabled
[    2.123980] Fusion MPT SPI Host driver 3.04.20
[    2.323643] input: ImExPS/2 Generic Explorer Mouse as /devices/platform/i8042/serio1/input/input4
[    2.694233] tsc: Refined TSC clocksource calibration: 2494.594 MHz
[    2.698686] clocksource: tsc: mask: 0xffffffffffffffff max_cycles: 0x23f5470888f, max_idle_ns: 440795227337 ns
[    2.725778] e1000 0000:00:03.0 eth0: (PCI:33MHz:32-bit) 02:5a:4b:c7:3e:fa
[    2.727342] e1000 0000:00:03.0 eth0: Intel(R) PRO/1000 Network Connection
[    2.729639] mptbase: ioc0: Initiating bringup
[    2.730370] e1000 0000:00:03.0 enp0s3: renamed from eth0
[    2.795230] ioc0: LSI53C1030 A0: Capabilities={Initiator}
[    2.977976] scsi host2: ioc0: LSI53C1030 A0, FwRev=00000000h, Ports=1, MaxQ=256, IRQ=20
[    3.096503] scsi 2:0:0:0: Direct-Access     VBOX     HARDDISK         1.0  PQ: 0 ANSI: 5
[    3.103912] scsi target2:0:0: Beginning Domain Validation
[    3.107302] scsi target2:0:0: Domain Validation skipping write tests
[    3.108922] scsi target2:0:0: Ending Domain Validation
[    3.110345] scsi target2:0:0: asynchronous
[    3.112133] scsi 2:0:1:0: Direct-Access     VBOX     HARDDISK         1.0  PQ: 0 ANSI: 5
[    3.123427] scsi target2:0:1: Beginning Domain Validation
[    3.125856] scsi target2:0:1: Domain Validation skipping write tests
[    3.127378] scsi target2:0:1: Ending Domain Validation
[    3.128661] scsi target2:0:1: asynchronous
[    3.135099] sd 2:0:0:0: [sda] 20971520 512-byte logical blocks: (10.7 GB/10.0 GiB)
[    3.135550] sd 2:0:0:0: Attached scsi generic sg0 type 0
[    3.137868] sd 2:0:0:0: [sda] Write Protect is off
[    3.138590] sd 2:0:1:0: [sdb] 20480 512-byte logical blocks: (10.5 MB/10.0 MiB)
[    3.138768] sd 2:0:1:0: [sdb] Write Protect is off
[    3.138879] sd 2:0:1:0: [sdb] Incomplete mode parameter data
[    3.138880] sd 2:0:1:0: [sdb] Assuming drive cache: write through
[    3.143955] sd 2:0:1:0: Attached scsi generic sg1 type 0
[    3.145368] sd 2:0:0:0: [sda] Incomplete mode parameter data
[    3.146607] sd 2:0:0:0: [sda] Assuming drive cache: write through
[    3.148129] sd 2:0:1:0: [sdb] Attached SCSI disk
[    3.150411]  sda: sda1
[    3.151791] sd 2:0:0:0: [sda] Attached SCSI disk
Begin: Loading essential drivers ... [    4.555050] md: linear personality registered for level -1
[    4.569451] md: multipath personality registered for level -4
[    4.576142] md: raid0 personality registered for level 0
[    4.609081] md: raid1 personality registered for level 1
[    4.726249] raid6: sse2x1   gen()  8021 MB/s
[    4.862565] raid6: sse2x1   xor()  6666 MB/s
[    4.992565] raid6: sse2x2   gen()  9967 MB/s
[    5.062585] raid6: sse2x2   xor()  7694 MB/s
[    5.152555] raid6: sse2x4   gen() 12090 MB/s
[    5.262554] raid6: sse2x4   xor()  9490 MB/s
[    5.263726] raid6: using algorithm sse2x4 gen() 12090 MB/s
[    5.265362] raid6: .... xor() 9490 MB/s, rmw enabled
[    5.266883] raid6: using ssse3x2 recovery algorithm
[    5.270949] xor: automatically using best checksumming function:
[    5.310132]    avx       : 18323.000 MB/sec
[    5.313621] async_tx: api initialized (async)
[    5.323283] md: raid6 personality registered for level 6
[    5.376257] md: raid5 personality registered for level 5
[    5.377540] md: raid4 personality registered for level 4
[    5.387109] md: raid10 personality registered for level 10
done.
Begin: Running /scripts/init-premount ... done.
Begin: Mounting root file system ... Begin: Running /scripts/local-top ... done.
Begin: Running /scripts/local-premount ... [    5.434231] Btrfs loaded
Scanning for Btrfs filesystems
done.
Warning: fsck not present, so skipping root file system
[    5.487846] EXT4-fs (sda1): mounted filesystem with ordered data mode. Opts: (null)
done.
Begin: Running /scripts/local-bottom ... done.
Begin: Running /scripts/init-bottom ... done.
[    5.665724] systemd[1]: systemd 229 running in system mode. (+PAM +AUDIT +SELINUX +IMA +APPARMOR +SMACK +SYSVINIT +UTMP +LIBCRYPTSETUP +GCRYPT +GNUTLS +ACL +XZ -LZ4 +SECCOMP +BLKID +ELFUTILS +KMOD -IDN)
[    5.670449] systemd[1]: Detected virtualization oracle.
[    5.671858] systemd[1]: Detected architecture x86-64.

Welcome to [1mUbuntu 16.04.5 LTS[0m!

[    5.676841] systemd[1]: Set hostname to <ubuntu>.
[    5.680548] systemd[1]: Initializing machine ID from random generator.
[    5.682290] systemd[1]: Installed transient /etc/machine-id file.
[    5.900837] systemd[1]: Listening on udev Kernel Socket.
[[0;32m  OK  [0m] Listening on udev Kernel Socket.
[    5.906153] systemd[1]: Listening on /dev/initctl Compatibility Named Pipe.
[[0;32m  OK  [0m] Listening on /dev/initctl Compatibility Named Pipe.
[    5.908819] systemd[1]: Reached target User and Group Name Lookups.
[[0;32m  OK  [0m] Reached target User and Group Name Lookups.
[    5.911599] systemd[1]: Set up automount Arbitrary Executable File Formats File System Automount Point.
[[0;32m  OK  [0m] Set up automount Arbitrary Executab...ats File System Automount Point.
[    5.915488] systemd[1]: Started Forward Password Requests to Wall Directory Watch.
[[0;32m  OK  [0m] Started Forward Password Requests to Wall Directory Watch.
[    5.918895] systemd[1]: Listening on udev Control Socket.
[[0;32m  OK  [0m] Listening on udev Control Socket.
[    5.921268] systemd[1]: Started Trigger resolvconf update for networkd DNS.
[[0;32m  OK  [0m] Started Trigger resolvconf update for networkd DNS.
[    5.924161] systemd[1]: Reached target Swap.
[[0;32m  OK  [0m] Reached target Swap.
[    5.926119] systemd[1]: Reached target System Time Synchronized.
[[0;32m  OK  [0m] Reached target System Time Synchronized.
[    5.928617] systemd[1]: Reached target Encrypted Volumes.
[[0;32m  OK  [0m] Reached target Encrypted Volumes.
[    5.930975] systemd[1]: Listening on Journal Socket.
[[0;32m  OK  [0m] Listening on Journal Socket.
[    5.933192] systemd[1]: Listening on Journal Socket (/dev/log).
[[0;32m  OK  [0m] Listening on Journal Socket (/dev/log).
[    5.935767] systemd[1]: Listening on Device-mapper event daemon FIFOs.
[[0;32m  OK  [0m] Listening on Device-mapper event daemon FIFOs.
[    5.938856] systemd[1]: Created slice User and Session Slice.
[[0;32m  OK  [0m] Created slice User and Session Slice.
[    5.941369] systemd[1]: Listening on Journal Audit Socket.
[[0;32m  OK  [0m] Listening on Journal Audit Socket.
[    5.943766] systemd[1]: Listening on Syslog Socket.
[[0;32m  OK  [0m] Listening on Syslog Socket.
[    5.945945] systemd[1]: Listening on LVM2 poll daemon socket.
[[0;32m  OK  [0m] Listening on LVM2 poll daemon socket.
[    5.948415] systemd[1]: Listening on LVM2 metadata daemon socket.
[[0;32m  OK  [0m] Listening on LVM2 metadata daemon socket.
[    5.953763] systemd[1]: Created slice System Slice.
[[0;32m  OK  [0m] Created slice System Slice.
[    5.957859] systemd[1]: Reached target Slices.
[[0;32m  OK  [0m] Reached target Slices.
[    5.986248] systemd[1]: Mounting POSIX Message Queue File System...
         Mounting POSIX Message Queue File System...
[    5.994884] systemd[1]: Starting Uncomplicated firewall...
         Starting Uncomplicated firewall...
[    5.999744] systemd[1]: Mounting Debug File System...
         Mounting Debug File System...
[    6.003968] systemd[1]: Starting Journal Service...
         Starting Journal Service...
[    6.010834] systemd[1]: Starting Create list of required static device nodes for the current kernel...
         Starting Create list of required st... nodes for the current kernel...
[    6.022552] systemd[1]: Starting Remount Root and Kernel File Systems...
         Starting Remount Root and Kernel File Systems...
[    6.026625] systemd[1]: Starting Nameserver information manager...
         Starting Nameserver information manager...
[    6.032006] systemd[1]: Starting Set console keymap...
         Starting Set console keymap...
[    6.034629] systemd[1]: Created slice system-serial\x2dgetty.slice.
[[0;32m  OK  [0m] Created slice system-serial\x2dgetty.slice.
[    6.038984] systemd[1]: Starting Monitoring of LVM2 mirrors, snapshots etc. using dmeventd or progress polling...
         Starting Monitoring of LVM2 mirrors... [    6.041817] EXT4-fs (sda1): re-mounted. Opts: (null)
dmeventd or progress polling...
[    6.046887] systemd[1]: Starting Load Kernel Modules...
         Starting Load Kernel Modules...
[    6.059781] systemd[1]: Mounting Huge Pages File System...
         Mounting Huge Pages File System...
[    6.065097] systemd[1]: Mounted POSIX Message Queue File System.
[    6.073707] Loading iSCSI transport class v2.0-870.
[[0;32m  OK  [0m] Mounted POSIX Message Queue File System.
[    6.076777] systemd[1]: Mounted Debug File System.
[[0;32m  OK  [0m] Mounted Debug File System.
[    6.082624] systemd[1]: Mounted Huge Pages File System.
[[0;32m  OK  [0m] Mounted Huge Pages File System.
[    6.085022] systemd[1]: Started Journal Service.
[[0;32m  OK  [0m] Started Journal Service.
[[0;32m  OK  [0m] Started Uncomplicated firewall.
[[0;32m  OK  [0m] Started Create list of required sta...ce nodes for the current kernel.
[[0;32m  OK  [0m] Started Remount Root and Kernel File Systems.
[    6.098491] iscsi: registered transport (tcp)
[[0;32m  OK  [0m] Started Nameserver information manager.
[[0;32m  OK  [0m] Started Set console keymap.
[    6.148434] iscsi: registered transport (iser)
[[0;32m  OK  [0m] Started Load Kernel Modules.
         Starting Apply Kernel Variables...
         Mounting FUSE Control File System...
[[0;32m  OK  [0m] Started LVM2 metadata daemon.
         Starting udev Coldplug all Devices...
         Starting Load/Save Random Seed...
         Starting Create Static Device Nodes in /dev...
         Starting Flush Journal to Persistent Storage...
[[0;32m  OK  [0m] Mounted FUSE Control File System.
[[0;32m  OK  [0m] Started Apply Kernel Variables.
[[0;32m  OK  [0m] Started Load/Save Random Seed.
[[0;32m  OK  [0m] Started Create Static Device Nodes in /dev.
[[0;32m  OK  [0m] Started Flush Journal to Persistent Storage.
[[0;32m  OK  [0m] Started udev Coldplug all Devices.
         Starting udev Kernel Device Manager...
[[0;32m  OK  [0m] Started udev Kernel Device Manager.
[[0;32m  OK  [0m] Started Dispatch Password Requests to Console Directory Watch.
[[0;32m  OK  [0m] Started Monitoring of LVM2 mirrors,...ng dmeventd or progress polling.
[[0;32m  OK  [0m] Reached target Local File Systems (Pre).
[[0;32m  OK  [0m] Reached target Local File Systems.
         Starting LSB: AppArmor initialization...
         Starting Initial cloud-init job (pre-networking)...
         Starting Tell Plymouth To Write Out Runtime Data...
         Starting Commit a transient machine-id on disk...
         Starting Set console font and keymap...
         Starting Create Volatile Files and Directories...
[[0;32m  OK  [0m] Started Tell Plymouth To Write Out Runtime Data.
[[0;32m  OK  [0m] Started Commit a transient machine-id on disk.
[[0;32m  OK  [0m] Started Create Volatile Files and Directories.
         Starting Update UTMP about System Boot/Shutdown...
[[0;32m  OK  [0m] Started Update UTMP about System Boot/Shutdown.
[[0;32m  OK  [0m] Found device /dev/ttyS0.
[[0;32m  OK  [0m] Listening on Load/Save RF Kill Switch Status /dev/rfkill Watch.
[[0;32m  OK  [0m] Started Set console font and keymap.
[    7.178035] cloud-init[484]: Cloud-init v. 18.3-9-g2e62cb8a-0ubuntu1~16.04.2 running 'init-local' at Wed, 17 Oct 2018 10:00:01 +0000. Up 6.56 seconds.
[[0;32m  OK  [0m] Started LSB: AppArmor initialization.
[[0;32m  OK  [0m] Started Initial cloud-init job (pre-networking).
[[0;32m  OK  [0m] Reached target Network (Pre).
         Starting Raise network interfaces...
[[0;32m  OK  [0m] Created slice system-getty.slice.
[[0;32m  OK  [0m] Started Raise network interfaces.
[[0;32m  OK  [0m] Reached target Network.
         Starting Initial cloud-init job (metadata service crawler)...
[    9.160123] cloud-init[928]: Cloud-init v. 18.3-9-g2e62cb8a-0ubuntu1~16.04.2 running 'init' at Wed, 17 Oct 2018 10:00:02 +0000. Up 8.08 seconds.
[[0;32m  OK  [0m] Started Initial cloud-init job (metadata service crawler).
[    9.256754] cloud-init[928]: ci-info: ++++++++++++++++++++++++++++++++++++++Net device info++++++++++++++++++++++++++++++++++++++
[    9.312596] [[0;32m  OK  [0m] Reached target Cloud-config availability.
cloud-init[928]: ci-info: +--------+------+----------------------------+---------------+--------+-------------------+
[    9.331318] [[0;32m  OK  [0m] Reached target System Initialization.
[[0;32m  OK  [0m] Started Daily apt download activities.
cloud-init[928]: ci-info: | Device |  Up  |          Address           |      Mask     | Scope  |     Hw-Address    |
[    9.376568] [[0;32m  OK  [0m] Listening on ACPID Listen Socket.
cloud-init[928]: ci-info: +--------+------+----------------------------+---------------+--------+-------------------+
[    9.386588]          Starting LXD - unix socket.
cloud-init[[928]: [0;32m  OK  [0mci-info: | enp0s3 | True |         10.0.2.15          | 255.255.255.0 | global | 02:5a:4b:c7:3e:fa |] 
Started Daily apt upgrade and clean activities.
[    9.407640] [[0;32m  OK  [0m] Listening on D-Bus System Message Bus Socket.
[[0;32m  OK  [0m] Listening on UUID daemon activation socket.
[[0;32m  OK  [0m] Started Daily Cleanup of Temporary Directories.
cloud-init[928]: ci-info: | enp0s3 | True | fe80::5a:4bff:fec7:3efa/64 |       .       |  link  | 02:5a:4b:c7:3e:fa |
[    9.426791] [[0;32m  OK  [0m] Reached target Timers.
cloud-init[928]: ci-info: |   lo   | True |         127.0.0.1          |   255.0.0.0   |  host  |         .         |
[    9.440663] [[0;32m  OK  [0m] Started ACPI Events Check.
[[0;32m  OK  [0m] Reached target Paths.
         Starting Socket activation for snappy daemon.
cloud-init[928]: ci-info: |   lo   | True |          ::1/128           |       .       |  host  |         .         |
[    9.453639] [[0;32m  OK  [0m] Reached target Network is Online.
cloud-init[928]: ci-info: +--------+------+----------------------------+---------------+--------+-------------------+
[    9.476490]          Starting iSCSI initiator daemon (iscsid)...
cloud-init[928]: ci-info: +++++++++++++++++++++++++++Route IPv4 info++++++++++++++++++++++++++++
[    9.501792] [[0;32m  OK  [0m] Listening on LXD - unix socket.
cloud-init[928]: ci-info: +-------+-------------+----------+---------------+-----------+-------+[
[0;32m  OK  [0m] Listening on Socket activation for snappy daemon.
[    9.503087] cloud-init[928]: ci-info: | Route | Destination | Gateway  |    Genmask    | Interface | Flags |
[    9.591724] cloud-init[928]: ci-info: +-------+-------------+----------+---------------+-----------+-------+
[    9.606862] cloud-init[928]: ci-info: |   0   |   0.0.0.0   | 10.0.2.2 |    0.0.0.0    |   enp0s3  |   UG  |
[[0;32m  OK  [0m] Reached target Sockets.
[[0;32m  OK  [0m] Reached target Basic System.
[    9.632044] cloud-init[928]: ci-info: |   1   |   10.0.2.0  | 0.0.0.0  | 255.255.255.0 |   enp0s3  |   U   |
[    9.658526]          Starting System Logging Service...
[[0;32m  OK  [0m] Started D-Bus System Message Bus.
cloud-init[928]: ci-info: +-------+-------------+----------+---------------+-----------+-------+
[    9.673907] cloud-init[928]: ci-info: +++++++++++++++++++Route IPv6 info+++++++++++++++++++
[    9.698844] cloud-init[928]: ci-info: +-------+-------------+---------+-----------+-------+
[    9.703986] cloud-init[928]: ci-info: | Route | Destination | Gateway | Interface | Flags |
[    9.706219] cloud-init[928]: ci-info: +-------+-------------+---------+-----------+-------+
[    9.708637] cloud-init[928]: ci-info: |   0   |  fe80::/64  |    ::   |   enp0s3  |   U   |
[    9.717387]          Starting Virtualbox guest utils...
[[0;32m  OK  [0m] Started Unattended Upgrades Shutdown.
         Starting Login Service...
cloud-init[928]: [[0;32m  OK  [0m] Started ACPI event daemon.
         Starting /etc/rc.local Compatibility...
         Starting LSB: Record successful boot for GRUB...
ci-info: |   3   |   ff00::/8  |    ::   |   enp0s3  |   U   |
[    9.748476] [cloud-init[0;32m  OK  [0m[928]: ] ci-info: +-------+-------------+---------+-----------+-------+Started FUSE filesystem for LXC.

[    9.749830] cloud-init[928]: Generating public/private rsa key pair.
[    9.776678]          Starting Pollinate to seed the pseudo random number generator...
cloud-init[928]: Your identification has been saved in /etc/ssh/ssh_host_rsa_key.
[    9.832536]          Starting LSB: MD monitoring daemon...
cloud-init[928]: Your public key has been saved in /etc/ssh/ssh_host_rsa_key.pub.
[    9.835339] cloud-init[928]: The key fingerprint is:
[    9.836881] cloud-init[928]: SHA256:dfPHDoVoNkT5TjeiXB/LCNqnRRpL9XnXCe8zTZCBgCQ root@ubuntu-xenial
[    9.854134] [[0;32m  OK  [0m] Started Regular background program processing daemon.
cloud-init[928]: The key's randomart image is:[[0;32m  OK  [0m] Started Deferred execution scheduler.
         Starting Accounts Service...

[    9.865762]          Starting Snappy daemon...
cloud-init[928]:          Starting LXD - container startup/shutdown...
+---[RSA 2048]----+
[    9.875036] [[0;32m  OK  [0m] Started System Logging Service.
[[0;32m  OK  [0m] Started iSCSI initiator daemon (iscsid).
cloud-init[928]: |      E....ooo.o |
[    9.884546] [[0;32m  OK  [0m] Started /etc/rc.local Compatibility.
cloud-init[928]: |       ..  .o+o. |
[    9.888160] cloud-init[928]: |          . O.=.=|
[    9.893068] cloud-init[928]: |         . B BoX*|
[    9.905886] cloud-init[928]: |        S = OoOoX|
[    9.910192] cloud-init[928]: |         . * +.@.|
[    9.913841] cloud-init[928]: |            +   +|
[    9.925918] cloud-init[928]: |           .     |
[    9.946159] cloud-init[928]: |                 |
[    9.956385] cloud-init[928]: +----[SHA256]-----+
[    9.959306] cloud-init[928]: Generating public/private dsa key pair.
[    9.969525]          cloud-initStarting Login to default iSCSI targets...[928]: 
Your identification has been saved in /etc/ssh/ssh_host_dsa_key.
[    9.979040] [[0;32m  OK  [0m] Started LSB: Record successful boot for GRUB.
[[0;32m  OK  [0m] Started LSB: MD monitoring daemon.
[[0;32m  OK  [0m] Started Login Service.
cloud-init[928]: Your public key has been saved in /etc/ssh/ssh_host_dsa_key.pub.
[    9.997610] cloud-init[928]: The key fingerprint is:
[   10.003056] cloud-init[928]: SHA256:dpxUw4LiuLwKGa7Z23+yIqvzZD6V4ntUsLe5nycL/Cc root@ubuntu-xenial
[[0;32m  OK  [0m] Started Login to default iSCSI targets.
[   10.012839] cloud-init[928]: The key's randomart image is:[[0;32m  OK  [0m] Reached target Remote File Systems (Pre).
[[0;32m  OK  [0m] Reached target Remote File Systems.
         Starting Permit User Sessions...
         Starting LSB: daemon to balance interrupts for SMP systems...
         Starting LSB: automatic crash report generation...
         Starting LSB: Set the CPU Frequency Scaling governor to "ondemand"...
[[0;32m  OK  [0m] Started Permit User Sessions.

[   10.043550] cloud-init[928]: +---[DSA 1024]----+
[   10.062797] cloud-init[928]: |         . .o    |
[   10.084733]          Starting Hold until boot process finishes up...
cloud-init[928]: |    . . . ....   |         Starting Terminate Plymouth Boot Screen...
[[0;32m  OK  [0m] Started LSB: Set the CPU Frequency Scaling governor to "ondemand".

[   10.120442] [[0;32m  OK  [0m] Started LSB: daemon to balance interrupts for SMP systems.
[[0;32m  OK  [0m] Started Virtualbox guest utils.
cloud-init[928]: [[0;32m  OK  [0m] Started LXD - container startup/shutdown.
|     = .  ..     |
[   10.125280] [[0;32m  OK  [0m] Started Hold until boot process finishes up.
cloud-init[928]: |    o +  o .     |[[0;32m  OK  [0m] Started Terminate Plymouth Boot Screen.

[   10.129024] cloud-init[928]: |.  . = oS +      |
[   10.131466] cloud-init[928]: |.o. *.o. .       |
[   10.156661] cloud-init[928]: |ooo+ .o.         |
[[0;32m  OK  [0m[   10.160613] cloud-init[928]: |oB+.+ ooE.o      |
[   10.161055] cloud-init[928]: |++OO.oo==*       |
[   10.161468] cloud-init[928]: +----[SHA256]-----+
[   10.161860] cloud-init[928]: Generating public/private ecdsa key pair.
[   10.162261] cloud-init[928]: Your identification has been saved in /etc/ssh/ssh_host_ecdsa_key.
[   10.162655] cloud-init[928]: Your public key has been saved in /etc/ssh/ssh_host_ecdsa_key.pub.
[   10.163052] cloud-init[928]: The key fingerprint is:
[   10.163460] cloud-init[928]: SHA256:ab+otG6ygNDaus58JPUz7KgCZlLYDec+e76iXCbEU4U root@ubuntu-xenial
[   10.163847] cloud-init[928]: The key's randomart image is:
] Started LSB: automatic crash report generation.
[   10.164916] cloud-init[928]: +---[ECDSA 256]---+
[   10.190110] cloud-init[928]: |     ..          |
[   10.196031] cloud-init[928]: |  . E.           |
[   10.197454] cloud-init[928]: | o =.            |
[   10.197724] cloud-init[928]: |.oooo    .       |
[   10.197956] cloud-init[928]: |..*.o   S        |
[   10.198178] cloud-init[928]: |+O oo= . .       |
[   10.198402] cloud-init[928]: |B * =o+   .      |
[   10.198624] cloud-init[928]: |+o B+oo. . .     |
[   10.198847] cloud-init[928]: |=*=..O*o. .      |
[   10.199074] cloud-init[928]: +----[SHA256]-----+
[   10.199288] cloud-init[928]: Generating public/private ed25519 key pair.
[   10.199538] cloud-init[928]: Your identification has been saved in /etc/ssh/ssh_host_ed25519_key.
[   10.199738] cloud-init[928]: Your public key has been saved in /etc/ssh/ssh_host_ed25519_key.pub.
[   10.199959] cloud-init[928]: The key fingerprint is:
[   10.200406] cloud-init[928]: SHA256:l1PMYik3+faMGbEOzbzSRWqm1rwA74JbdhM8lo3sS2w root@ubuntu-xenial
[   10.200628] cloud-init[928]: The key's randomart image is:
[   10.200850] cloud-init[928]: +--[ED25519 256]--+
[   10.201088] cloud-init[928]: |                 |
[   10.201304] cloud-init[928]: |           =     |
[   10.201526] cloud-init[928]: |        . B = .  |
[   10.201750] cloud-init[928]: |         * & =   |
[   10.201979] cloud-init[928]: |        S & & .  |
[   10.202197] cloud-init[928]: |         B # O   |
[   10.202418] cloud-init[928]: |       .o E O o  |
[   10.202645] cloud-init[928]: |      .o.* = .   |
[   10.203473] cloud-init[928]: |      .. .o .    |
[   10.207393] cloud-init[928]: +----[SHA256]-----+
[[0;32m  OK  [0m] Started Serial Getty on ttyS0.
         Starting Set console scheme...
[[0;32m  OK  [0m] Started Getty on tty1.
[[0;32m  OK  [0m] Reached target Login Prompts.
         Starting Authenticate and Authorize Users to Run Privileged Tasks...
[[0;32m  OK  [0m] Started Pollinate to seed the pseudo random number generator.
[[0;32m  OK  [0m] Started Set console scheme.
[[0;32m  OK  [0m] Started Snappy daemon.
         Starting Wait until snapd is fully seeded...
         Starting OpenBSD Secure Shell server...
[[0;32m  OK  [0m] Started Authenticate and Authorize Users to Run Privileged Tasks.
[[0;32m  OK  [0m] Started Accounts Service.
[[0;32m  OK  [0m] Started OpenBSD Secure Shell server.
[[0;32m  OK  [0m] Started Wait until snapd is fully seeded.
[[0;32m  OK  [0m] Reached target Multi-User System.
[[0;32m  OK  [0m] Reached target Graphical Interface.
         Starting Update UTMP about System Runlevel Changes...
         Starting Apply the settings specified in cloud-config...
[[0;32m  OK  [0m] Started Update UTMP about System Runlevel Changes.
[   11.440178] cloud-init[1255]: Generating locales (this might take a while)...
[[0;32m  OK  [0m] Created slice User Slice of vagrant.
         Starting User Manager for UID 1000...
[[0;32m  OK  [0m] Started Session 1 of user vagrant.
[[0;32m  OK  [0m] Started User Manager for UID 1000.
[   12.691093] cloud-init[1255]:   en_US.UTF-8... done
[   12.701219] cloud-init[1255]: Generation complete.
[   13.244468] cloud-init[1255]: Cloud-init v. 18.3-9-g2e62cb8a-0ubuntu1~16.04.2 running 'modules:config' at Wed, 17 Oct 2018 10:00:05 +0000. Up 11.26 seconds.
[[0;32m  OK  [0m] Started Apply the settings specified in cloud-config.
         Starting Execute cloud user/final scripts...
ci-info: no authorized ssh keys fingerprints found for user ubuntu.
<14>Oct 17 10:00:08 ec2: 
<14>Oct 17 10:00:08 ec2: #############################################################
<14>Oct 17 10:00:08 ec2: -----BEGIN SSH HOST KEY FINGERPRINTS-----
<14>Oct 17 10:00:08 ec2: 1024 SHA256:dpxUw4LiuLwKGa7Z23+yIqvzZD6V4ntUsLe5nycL/Cc root@ubuntu-xenial (DSA)
<14>Oct 17 10:00:08 ec2: 256 SHA256:ab+otG6ygNDaus58JPUz7KgCZlLYDec+e76iXCbEU4U root@ubuntu-xenial (ECDSA)
<14>Oct 17 10:00:08 ec2: 256 SHA256:l1PMYik3+faMGbEOzbzSRWqm1rwA74JbdhM8lo3sS2w root@ubuntu-xenial (ED25519)
<14>Oct 17 10:00:08 ec2: 2048 SHA256:dfPHDoVoNkT5TjeiXB/LCNqnRRpL9XnXCe8zTZCBgCQ root@ubuntu-xenial (RSA)
<14>Oct 17 10:00:08 ec2: -----END SSH HOST KEY FINGERPRINTS-----
<14>Oct 17 10:00:08 ec2: #############################################################
-----BEGIN SSH HOST KEY KEYS-----
ecdsa-sha2-nistp256 AAAAE2VjZHNhLXNoYTItbmlzdHAyNTYAAAAIbmlzdHAyNTYAAABBBP9AA9YCjd8Y5MIIBdECsIIhZO8FEHkXeEY/Oc5Hke6CDBBl/cuAjBu4LowN12aZhAJQEeuBP5DMDE3FZ5Fl3aI= root@ubuntu-xenial
ssh-ed25519 AAAAC3NzaC1lZDI1NTE5AAAAIGHDhkVax95MS6GEL2FF9a2Y9bZBl2DET0pbaGQ3ly0F root@ubuntu-xenial
ssh-rsa AAAAB3NzaC1yc2EAAAADAQABAAABAQD0j4wxKAYMLesTZH7TawjHAaIHJAC1YSPuA9M2bbB3pY942xPI1+KDdI/PT6ADWZX7kV+Xw+3hj/iqDzOYbxrfj2cuOZQ0lEOe6eLKVP/SFsb2ZJoNjc5+WikvXlKc0kD6rnjO5iKhElcYccOZTGH/E/0sWWLAuZPW32c1eLRGvsOJKkEEexUjhMkluvls+eMBTusu13dqZ6k6drkj3rsUUkTcPv0zjtlp+ffYw/65mBv6knbUms/weM0X272z2eEb+FZ79fYSFezOmMvWe9Umm4x9YMiyuoeE8lJ+I0EH1R94tt8ru62eaM/7C2JRzkWkQR6rGQMgEXMRs+5VMdVr root@ubuntu-xenial
-----END SSH HOST KEY KEYS-----
[   14.080531] cloud-init[1386]: Cloud-init v. 18.3-9-g2e62cb8a-0ubuntu1~16.04.2 running 'modules:final' at Wed, 17 Oct 2018 10:00:08 +0000. Up 13.70 seconds.
[   14.101421] cloud-init[1386]: ci-info: no authorized ssh keys fingerprints found for user ubuntu.
[   14.117333] cloud-init[1386]: Cloud-init v. 18.3-9-g2e62cb8a-0ubuntu1~16.04.2 finished at Wed, 17 Oct 2018 10:00:08 +0000. Datasource DataSourceNoCloud [seed=/dev/sdb][dsmode=net].  Up 14.06 seconds
[[0;32m  OK  [0m] Started Execute cloud user/final scripts.
[[0;32m  OK  [0m] Reached target Cloud-init target.

Ubuntu 16.04.5 LTS ubuntu-xenial ttyS0

ubuntu-xenial login: 